2025-01-05 00:06:37,302 - name_generator - INFO - 开始模型训练...
2025-01-05 00:06:37,303 - name_generator - INFO - 加载数据...
2025-01-05 00:06:37,310 - name_generator - INFO - 总名字数量: 4341
2025-01-05 00:06:37,310 - name_generator - INFO - 有效名字数量: 4332
2025-01-05 00:06:37,310 - name_generator - INFO - 无效名字数量: 9
2025-01-05 00:06:37,310 - name_generator - INFO - 部分无效名字示例:
2025-01-05 00:06:37,310 - name_generator - INFO -   - Chloë
2025-01-05 00:06:37,311 - name_generator - INFO -   - D'Arcy
2025-01-05 00:06:37,311 - name_generator - INFO -   - Esmé
2025-01-05 00:06:37,311 - name_generator - INFO -   - Esmée
2025-01-05 00:06:37,311 - name_generator - INFO -   - Jo-Anne
2025-01-05 00:06:37,311 - name_generator - INFO - 字符表大小: 28
2025-01-05 00:06:37,311 - name_generator - INFO - 创建模型...
2025-01-05 00:06:39,632 - name_generator - INFO - 初始化训练器 - 模型参数数量: 27164
2025-01-05 00:06:39,632 - name_generator - INFO - 划分数据集...
2025-01-05 00:06:39,634 - name_generator - INFO - 训练集大小: 3465
2025-01-05 00:06:39,634 - name_generator - INFO - 验证集大小: 433
2025-01-05 00:06:39,634 - name_generator - INFO - 测试集大小: 434
2025-01-05 00:06:39,634 - name_generator - INFO - 开始训练...
2025-01-05 00:06:39,634 - name_generator - INFO - 训练集大小: 3465
2025-01-05 00:06:39,634 - name_generator - INFO - 验证集大小: 433
2025-01-05 00:06:39,634 - name_generator - INFO - 
Epoch 1/200
2025-01-05 00:06:42,788 - name_generator - INFO - 模型已保存到: results/20250105_000636/models/name_rnn.pth
2025-01-05 00:06:42,788 - name_generator - INFO - 保存最佳模型
2025-01-05 00:06:42,788 - name_generator - INFO - Epoch 1 - Train Loss: 3.2092, Train Acc: 0.0223, Val Loss: 2.8221, Val Acc: 0.0003
2025-01-05 00:06:42,788 - name_generator - INFO - 
Epoch 2/200
2025-01-05 00:06:44,141 - name_generator - INFO - 模型已保存到: results/20250105_000636/models/name_rnn.pth
2025-01-05 00:06:44,141 - name_generator - INFO - 保存最佳模型
2025-01-05 00:06:44,141 - name_generator - INFO - Epoch 2 - Train Loss: 2.5532, Train Acc: 0.0032, Val Loss: 2.5191, Val Acc: 0.0114
2025-01-05 00:06:44,142 - name_generator - INFO - 
Epoch 3/200
2025-01-05 00:06:45,497 - name_generator - INFO - 模型已保存到: results/20250105_000636/models/name_rnn.pth
2025-01-05 00:06:45,497 - name_generator - INFO - 保存最佳模型
2025-01-05 00:06:45,497 - name_generator - INFO - Epoch 3 - Train Loss: 2.4053, Train Acc: 0.0418, Val Loss: 2.4191, Val Acc: 0.0649
2025-01-05 00:06:45,497 - name_generator - INFO - 
Epoch 4/200
2025-01-05 00:06:46,850 - name_generator - INFO - 模型已保存到: results/20250105_000636/models/name_rnn.pth
2025-01-05 00:06:46,850 - name_generator - INFO - 保存最佳模型
2025-01-05 00:06:46,850 - name_generator - INFO - Epoch 4 - Train Loss: 2.3225, Train Acc: 0.0789, Val Loss: 2.3471, Val Acc: 0.0947
2025-01-05 00:06:46,850 - name_generator - INFO - 
Epoch 5/200
2025-01-05 00:06:48,161 - name_generator - INFO - 模型已保存到: results/20250105_000636/models/name_rnn.pth
2025-01-05 00:06:48,161 - name_generator - INFO - 保存最佳模型
2025-01-05 00:06:48,162 - name_generator - INFO - Epoch 5 - Train Loss: 2.2845, Train Acc: 0.0986, Val Loss: 2.2993, Val Acc: 0.1148
2025-01-05 00:06:48,162 - name_generator - INFO - 
Epoch 6/200
2025-01-05 00:06:49,468 - name_generator - INFO - 模型已保存到: results/20250105_000636/models/name_rnn.pth
2025-01-05 00:06:49,468 - name_generator - INFO - 保存最佳模型
2025-01-05 00:06:49,468 - name_generator - INFO - Epoch 6 - Train Loss: 2.2464, Train Acc: 0.1143, Val Loss: 2.2616, Val Acc: 0.1145
2025-01-05 00:06:49,468 - name_generator - INFO - 
Epoch 7/200
2025-01-05 00:06:50,746 - name_generator - INFO - 模型已保存到: results/20250105_000636/models/name_rnn.pth
2025-01-05 00:06:50,747 - name_generator - INFO - 保存最佳模型
2025-01-05 00:06:50,747 - name_generator - INFO - Epoch 7 - Train Loss: 2.2091, Train Acc: 0.1277, Val Loss: 2.2345, Val Acc: 0.1191
2025-01-05 00:06:50,747 - name_generator - INFO - 
Epoch 8/200
2025-01-05 00:06:52,013 - name_generator - INFO - 模型已保存到: results/20250105_000636/models/name_rnn.pth
2025-01-05 00:06:52,013 - name_generator - INFO - 保存最佳模型
2025-01-05 00:06:52,013 - name_generator - INFO - Epoch 8 - Train Loss: 2.1811, Train Acc: 0.1432, Val Loss: 2.1939, Val Acc: 0.1496
2025-01-05 00:06:52,013 - name_generator - INFO - 
Epoch 9/200
2025-01-05 00:06:53,297 - name_generator - INFO - 模型已保存到: results/20250105_000636/models/name_rnn.pth
2025-01-05 00:06:53,298 - name_generator - INFO - 保存最佳模型
2025-01-05 00:06:53,298 - name_generator - INFO - Epoch 9 - Train Loss: 2.1431, Train Acc: 0.1561, Val Loss: 2.1611, Val Acc: 0.1683
2025-01-05 00:06:53,298 - name_generator - INFO - 
Epoch 10/200
2025-01-05 00:06:54,571 - name_generator - INFO - 模型已保存到: results/20250105_000636/models/name_rnn.pth
2025-01-05 00:06:54,571 - name_generator - INFO - 保存最佳模型
2025-01-05 00:06:54,571 - name_generator - INFO - Epoch 10 - Train Loss: 2.1059, Train Acc: 0.1751, Val Loss: 2.1292, Val Acc: 0.1884
2025-01-05 00:06:54,572 - name_generator - INFO - 
Epoch 11/200
2025-01-05 00:06:55,853 - name_generator - INFO - 模型已保存到: results/20250105_000636/models/name_rnn.pth
2025-01-05 00:06:55,853 - name_generator - INFO - 保存最佳模型
2025-01-05 00:06:55,853 - name_generator - INFO - Epoch 11 - Train Loss: 2.0662, Train Acc: 0.1956, Val Loss: 2.0994, Val Acc: 0.2005
2025-01-05 00:06:55,853 - name_generator - INFO - 
Epoch 12/200
2025-01-05 00:06:57,125 - name_generator - INFO - 模型已保存到: results/20250105_000636/models/name_rnn.pth
2025-01-05 00:06:57,125 - name_generator - INFO - 保存最佳模型
2025-01-05 00:06:57,125 - name_generator - INFO - Epoch 12 - Train Loss: 2.0471, Train Acc: 0.2114, Val Loss: 2.0711, Val Acc: 0.2185
2025-01-05 00:06:57,125 - name_generator - INFO - 
Epoch 13/200
2025-01-05 00:06:58,402 - name_generator - INFO - 模型已保存到: results/20250105_000636/models/name_rnn.pth
2025-01-05 00:06:58,402 - name_generator - INFO - 保存最佳模型
2025-01-05 00:06:58,402 - name_generator - INFO - Epoch 13 - Train Loss: 2.0240, Train Acc: 0.2183, Val Loss: 2.0476, Val Acc: 0.2209
2025-01-05 00:06:58,402 - name_generator - INFO - 
Epoch 14/200
2025-01-05 00:06:59,687 - name_generator - INFO - 模型已保存到: results/20250105_000636/models/name_rnn.pth
2025-01-05 00:06:59,688 - name_generator - INFO - 保存最佳模型
2025-01-05 00:06:59,688 - name_generator - INFO - Epoch 14 - Train Loss: 1.9841, Train Acc: 0.2203, Val Loss: 2.0264, Val Acc: 0.2212
2025-01-05 00:06:59,688 - name_generator - INFO - 
Epoch 15/200
2025-01-05 00:07:00,965 - name_generator - INFO - 模型已保存到: results/20250105_000636/models/name_rnn.pth
2025-01-05 00:07:00,965 - name_generator - INFO - 保存最佳模型
2025-01-05 00:07:00,965 - name_generator - INFO - Epoch 15 - Train Loss: 1.9785, Train Acc: 0.2207, Val Loss: 2.0106, Val Acc: 0.2219
2025-01-05 00:07:00,965 - name_generator - INFO - 
Epoch 16/200
2025-01-05 00:07:02,229 - name_generator - INFO - 模型已保存到: results/20250105_000636/models/name_rnn.pth
2025-01-05 00:07:02,229 - name_generator - INFO - 保存最佳模型
2025-01-05 00:07:02,229 - name_generator - INFO - Epoch 16 - Train Loss: 1.9705, Train Acc: 0.2210, Val Loss: 1.9984, Val Acc: 0.2212
2025-01-05 00:07:02,229 - name_generator - INFO - 
Epoch 17/200
2025-01-05 00:07:03,497 - name_generator - INFO - 模型已保存到: results/20250105_000636/models/name_rnn.pth
2025-01-05 00:07:03,497 - name_generator - INFO - 保存最佳模型
2025-01-05 00:07:03,497 - name_generator - INFO - Epoch 17 - Train Loss: 1.9684, Train Acc: 0.2206, Val Loss: 1.9886, Val Acc: 0.2209
2025-01-05 00:07:03,497 - name_generator - INFO - 
Epoch 18/200
2025-01-05 00:07:04,767 - name_generator - INFO - 模型已保存到: results/20250105_000636/models/name_rnn.pth
2025-01-05 00:07:04,768 - name_generator - INFO - 保存最佳模型
2025-01-05 00:07:04,768 - name_generator - INFO - Epoch 18 - Train Loss: 1.9465, Train Acc: 0.2212, Val Loss: 1.9812, Val Acc: 0.2209
2025-01-05 00:07:04,768 - name_generator - INFO - 
Epoch 19/200
2025-01-05 00:07:06,037 - name_generator - INFO - 模型已保存到: results/20250105_000636/models/name_rnn.pth
2025-01-05 00:07:06,037 - name_generator - INFO - 保存最佳模型
2025-01-05 00:07:06,037 - name_generator - INFO - Epoch 19 - Train Loss: 1.9576, Train Acc: 0.2210, Val Loss: 1.9737, Val Acc: 0.2195
2025-01-05 00:07:06,037 - name_generator - INFO - 
Epoch 20/200
2025-01-05 00:07:07,301 - name_generator - INFO - 模型已保存到: results/20250105_000636/models/name_rnn.pth
2025-01-05 00:07:07,301 - name_generator - INFO - 保存最佳模型
2025-01-05 00:07:07,301 - name_generator - INFO - Epoch 20 - Train Loss: 1.9341, Train Acc: 0.2210, Val Loss: 1.9663, Val Acc: 0.2209
2025-01-05 00:07:07,301 - name_generator - INFO - 
Epoch 21/200
2025-01-05 00:07:08,576 - name_generator - INFO - 模型已保存到: results/20250105_000636/models/name_rnn.pth
2025-01-05 00:07:08,576 - name_generator - INFO - 保存最佳模型
2025-01-05 00:07:08,576 - name_generator - INFO - Epoch 21 - Train Loss: 1.9251, Train Acc: 0.2206, Val Loss: 1.9603, Val Acc: 0.2216
2025-01-05 00:07:08,576 - name_generator - INFO - 
Epoch 22/200
2025-01-05 00:07:09,845 - name_generator - INFO - 模型已保存到: results/20250105_000636/models/name_rnn.pth
2025-01-05 00:07:09,846 - name_generator - INFO - 保存最佳模型
2025-01-05 00:07:09,846 - name_generator - INFO - Epoch 22 - Train Loss: 1.9175, Train Acc: 0.2215, Val Loss: 1.9562, Val Acc: 0.2209
2025-01-05 00:07:09,846 - name_generator - INFO - 
Epoch 23/200
2025-01-05 00:07:11,156 - name_generator - INFO - 模型已保存到: results/20250105_000636/models/name_rnn.pth
2025-01-05 00:07:11,156 - name_generator - INFO - 保存最佳模型
2025-01-05 00:07:11,156 - name_generator - INFO - Epoch 23 - Train Loss: 1.9174, Train Acc: 0.2215, Val Loss: 1.9510, Val Acc: 0.2236
2025-01-05 00:07:11,156 - name_generator - INFO - 
Epoch 24/200
2025-01-05 00:07:12,433 - name_generator - INFO - 模型已保存到: results/20250105_000636/models/name_rnn.pth
2025-01-05 00:07:12,433 - name_generator - INFO - 保存最佳模型
2025-01-05 00:07:12,434 - name_generator - INFO - Epoch 24 - Train Loss: 1.9119, Train Acc: 0.2220, Val Loss: 1.9474, Val Acc: 0.2229
2025-01-05 00:07:12,434 - name_generator - INFO - 
Epoch 25/200
2025-01-05 00:07:13,696 - name_generator - INFO - 模型已保存到: results/20250105_000636/models/name_rnn.pth
2025-01-05 00:07:13,696 - name_generator - INFO - 保存最佳模型
2025-01-05 00:07:13,697 - name_generator - INFO - Epoch 25 - Train Loss: 1.8991, Train Acc: 0.2225, Val Loss: 1.9458, Val Acc: 0.2222
2025-01-05 00:07:13,697 - name_generator - INFO - 
Epoch 26/200
2025-01-05 00:07:14,967 - name_generator - INFO - 模型已保存到: results/20250105_000636/models/name_rnn.pth
2025-01-05 00:07:14,967 - name_generator - INFO - 保存最佳模型
2025-01-05 00:07:14,967 - name_generator - INFO - Epoch 26 - Train Loss: 1.9112, Train Acc: 0.2243, Val Loss: 1.9393, Val Acc: 0.2316
2025-01-05 00:07:14,967 - name_generator - INFO - 
Epoch 27/200
2025-01-05 00:07:16,233 - name_generator - INFO - 模型已保存到: results/20250105_000636/models/name_rnn.pth
2025-01-05 00:07:16,233 - name_generator - INFO - 保存最佳模型
2025-01-05 00:07:16,234 - name_generator - INFO - Epoch 27 - Train Loss: 1.9044, Train Acc: 0.2283, Val Loss: 1.9357, Val Acc: 0.2396
2025-01-05 00:07:16,234 - name_generator - INFO - 
Epoch 28/200
2025-01-05 00:07:17,499 - name_generator - INFO - 模型已保存到: results/20250105_000636/models/name_rnn.pth
2025-01-05 00:07:17,499 - name_generator - INFO - 保存最佳模型
2025-01-05 00:07:17,499 - name_generator - INFO - Epoch 28 - Train Loss: 1.8980, Train Acc: 0.2308, Val Loss: 1.9324, Val Acc: 0.2380
2025-01-05 00:07:17,499 - name_generator - INFO - 
Epoch 29/200
2025-01-05 00:07:18,765 - name_generator - INFO - 模型已保存到: results/20250105_000636/models/name_rnn.pth
2025-01-05 00:07:18,765 - name_generator - INFO - 保存最佳模型
2025-01-05 00:07:18,765 - name_generator - INFO - Epoch 29 - Train Loss: 1.8971, Train Acc: 0.2320, Val Loss: 1.9283, Val Acc: 0.2443
2025-01-05 00:07:18,765 - name_generator - INFO - 
Epoch 30/200
2025-01-05 00:07:20,028 - name_generator - INFO - 模型已保存到: results/20250105_000636/models/name_rnn.pth
2025-01-05 00:07:20,028 - name_generator - INFO - 保存最佳模型
2025-01-05 00:07:20,028 - name_generator - INFO - Epoch 30 - Train Loss: 1.8983, Train Acc: 0.2340, Val Loss: 1.9244, Val Acc: 0.2416
2025-01-05 00:07:20,028 - name_generator - INFO - 
Epoch 31/200
2025-01-05 00:07:21,298 - name_generator - INFO - 模型已保存到: results/20250105_000636/models/name_rnn.pth
2025-01-05 00:07:21,298 - name_generator - INFO - 保存最佳模型
2025-01-05 00:07:21,298 - name_generator - INFO - Epoch 31 - Train Loss: 1.8754, Train Acc: 0.2349, Val Loss: 1.9199, Val Acc: 0.2453
2025-01-05 00:07:21,298 - name_generator - INFO - 
Epoch 32/200
2025-01-05 00:07:22,583 - name_generator - INFO - 模型已保存到: results/20250105_000636/models/name_rnn.pth
2025-01-05 00:07:22,583 - name_generator - INFO - 保存最佳模型
2025-01-05 00:07:22,583 - name_generator - INFO - Epoch 32 - Train Loss: 1.8843, Train Acc: 0.2372, Val Loss: 1.9150, Val Acc: 0.2467
2025-01-05 00:07:22,583 - name_generator - INFO - 
Epoch 33/200
2025-01-05 00:07:23,923 - name_generator - INFO - 模型已保存到: results/20250105_000636/models/name_rnn.pth
2025-01-05 00:07:23,924 - name_generator - INFO - 保存最佳模型
2025-01-05 00:07:23,924 - name_generator - INFO - Epoch 33 - Train Loss: 1.8728, Train Acc: 0.2413, Val Loss: 1.9100, Val Acc: 0.2470
2025-01-05 00:07:23,924 - name_generator - INFO - 
Epoch 34/200
2025-01-05 00:07:25,304 - name_generator - INFO - 模型已保存到: results/20250105_000636/models/name_rnn.pth
2025-01-05 00:07:25,304 - name_generator - INFO - 保存最佳模型
2025-01-05 00:07:25,304 - name_generator - INFO - Epoch 34 - Train Loss: 1.8926, Train Acc: 0.2422, Val Loss: 1.9045, Val Acc: 0.2497
2025-01-05 00:07:25,304 - name_generator - INFO - 
Epoch 35/200
2025-01-05 00:07:26,681 - name_generator - INFO - 模型已保存到: results/20250105_000636/models/name_rnn.pth
2025-01-05 00:07:26,681 - name_generator - INFO - 保存最佳模型
2025-01-05 00:07:26,681 - name_generator - INFO - Epoch 35 - Train Loss: 1.8673, Train Acc: 0.2442, Val Loss: 1.8982, Val Acc: 0.2497
2025-01-05 00:07:26,681 - name_generator - INFO - 
Epoch 36/200
2025-01-05 00:07:28,063 - name_generator - INFO - 模型已保存到: results/20250105_000636/models/name_rnn.pth
2025-01-05 00:07:28,063 - name_generator - INFO - 保存最佳模型
2025-01-05 00:07:28,063 - name_generator - INFO - Epoch 36 - Train Loss: 1.8520, Train Acc: 0.2453, Val Loss: 1.8936, Val Acc: 0.2480
2025-01-05 00:07:28,063 - name_generator - INFO - 
Epoch 37/200
2025-01-05 00:07:29,444 - name_generator - INFO - 模型已保存到: results/20250105_000636/models/name_rnn.pth
2025-01-05 00:07:29,444 - name_generator - INFO - 保存最佳模型
2025-01-05 00:07:29,444 - name_generator - INFO - Epoch 37 - Train Loss: 1.8519, Train Acc: 0.2483, Val Loss: 1.8863, Val Acc: 0.2497
2025-01-05 00:07:29,444 - name_generator - INFO - 
Epoch 38/200
2025-01-05 00:07:30,823 - name_generator - INFO - 模型已保存到: results/20250105_000636/models/name_rnn.pth
2025-01-05 00:07:30,823 - name_generator - INFO - 保存最佳模型
2025-01-05 00:07:30,823 - name_generator - INFO - Epoch 38 - Train Loss: 1.8462, Train Acc: 0.2493, Val Loss: 1.8782, Val Acc: 0.2507
2025-01-05 00:07:30,823 - name_generator - INFO - 
Epoch 39/200
2025-01-05 00:07:32,167 - name_generator - INFO - 模型已保存到: results/20250105_000636/models/name_rnn.pth
2025-01-05 00:07:32,167 - name_generator - INFO - 保存最佳模型
2025-01-05 00:07:32,168 - name_generator - INFO - Epoch 39 - Train Loss: 1.8416, Train Acc: 0.2504, Val Loss: 1.8753, Val Acc: 0.2557
2025-01-05 00:07:32,168 - name_generator - INFO - 
Epoch 40/200
2025-01-05 00:07:33,431 - name_generator - INFO - 模型已保存到: results/20250105_000636/models/name_rnn.pth
2025-01-05 00:07:33,431 - name_generator - INFO - 保存最佳模型
2025-01-05 00:07:33,431 - name_generator - INFO - Epoch 40 - Train Loss: 1.8343, Train Acc: 0.2522, Val Loss: 1.8643, Val Acc: 0.2550
2025-01-05 00:07:33,431 - name_generator - INFO - 
Epoch 41/200
2025-01-05 00:07:34,697 - name_generator - INFO - 模型已保存到: results/20250105_000636/models/name_rnn.pth
2025-01-05 00:07:34,697 - name_generator - INFO - 保存最佳模型
2025-01-05 00:07:34,697 - name_generator - INFO - Epoch 41 - Train Loss: 1.8220, Train Acc: 0.2546, Val Loss: 1.8539, Val Acc: 0.2590
2025-01-05 00:07:34,697 - name_generator - INFO - 
Epoch 42/200
2025-01-05 00:07:35,977 - name_generator - INFO - 模型已保存到: results/20250105_000636/models/name_rnn.pth
2025-01-05 00:07:35,977 - name_generator - INFO - 保存最佳模型
2025-01-05 00:07:35,977 - name_generator - INFO - Epoch 42 - Train Loss: 1.8166, Train Acc: 0.2577, Val Loss: 1.8447, Val Acc: 0.2610
2025-01-05 00:07:35,977 - name_generator - INFO - 
Epoch 43/200
2025-01-05 00:07:37,254 - name_generator - INFO - 模型已保存到: results/20250105_000636/models/name_rnn.pth
2025-01-05 00:07:37,254 - name_generator - INFO - 保存最佳模型
2025-01-05 00:07:37,254 - name_generator - INFO - Epoch 43 - Train Loss: 1.7955, Train Acc: 0.2593, Val Loss: 1.8347, Val Acc: 0.2620
2025-01-05 00:07:37,254 - name_generator - INFO - 
Epoch 44/200
2025-01-05 00:07:38,520 - name_generator - INFO - 模型已保存到: results/20250105_000636/models/name_rnn.pth
2025-01-05 00:07:38,520 - name_generator - INFO - 保存最佳模型
2025-01-05 00:07:38,520 - name_generator - INFO - Epoch 44 - Train Loss: 1.7959, Train Acc: 0.2605, Val Loss: 1.8256, Val Acc: 0.2617
2025-01-05 00:07:38,520 - name_generator - INFO - 
Epoch 45/200
2025-01-05 00:07:39,816 - name_generator - INFO - 模型已保存到: results/20250105_000636/models/name_rnn.pth
2025-01-05 00:07:39,817 - name_generator - INFO - 保存最佳模型
2025-01-05 00:07:39,817 - name_generator - INFO - Epoch 45 - Train Loss: 1.7848, Train Acc: 0.2618, Val Loss: 1.8172, Val Acc: 0.2637
2025-01-05 00:07:39,817 - name_generator - INFO - 
Epoch 46/200
2025-01-05 00:07:41,086 - name_generator - INFO - 模型已保存到: results/20250105_000636/models/name_rnn.pth
2025-01-05 00:07:41,086 - name_generator - INFO - 保存最佳模型
2025-01-05 00:07:41,086 - name_generator - INFO - Epoch 46 - Train Loss: 1.7781, Train Acc: 0.2623, Val Loss: 1.8083, Val Acc: 0.2627
2025-01-05 00:07:41,086 - name_generator - INFO - 
Epoch 47/200
2025-01-05 00:07:42,348 - name_generator - INFO - 模型已保存到: results/20250105_000636/models/name_rnn.pth
2025-01-05 00:07:42,348 - name_generator - INFO - 保存最佳模型
2025-01-05 00:07:42,348 - name_generator - INFO - Epoch 47 - Train Loss: 1.7653, Train Acc: 0.2622, Val Loss: 1.8012, Val Acc: 0.2637
2025-01-05 00:07:42,348 - name_generator - INFO - 
Epoch 48/200
2025-01-05 00:07:43,606 - name_generator - INFO - 模型已保存到: results/20250105_000636/models/name_rnn.pth
2025-01-05 00:07:43,606 - name_generator - INFO - 保存最佳模型
2025-01-05 00:07:43,606 - name_generator - INFO - Epoch 48 - Train Loss: 1.7577, Train Acc: 0.2634, Val Loss: 1.7944, Val Acc: 0.2620
2025-01-05 00:07:43,606 - name_generator - INFO - 
Epoch 49/200
2025-01-05 00:07:44,860 - name_generator - INFO - 模型已保存到: results/20250105_000636/models/name_rnn.pth
2025-01-05 00:07:44,860 - name_generator - INFO - 保存最佳模型
2025-01-05 00:07:44,861 - name_generator - INFO - Epoch 49 - Train Loss: 1.7560, Train Acc: 0.2644, Val Loss: 1.7882, Val Acc: 0.2644
2025-01-05 00:07:44,861 - name_generator - INFO - 
Epoch 50/200
2025-01-05 00:07:46,115 - name_generator - INFO - 模型已保存到: results/20250105_000636/models/name_rnn.pth
2025-01-05 00:07:46,115 - name_generator - INFO - 保存最佳模型
2025-01-05 00:07:46,115 - name_generator - INFO - Epoch 50 - Train Loss: 1.7543, Train Acc: 0.2633, Val Loss: 1.7827, Val Acc: 0.2667
2025-01-05 00:07:46,115 - name_generator - INFO - 
Epoch 51/200
2025-01-05 00:07:47,371 - name_generator - INFO - 模型已保存到: results/20250105_000636/models/name_rnn.pth
2025-01-05 00:07:47,371 - name_generator - INFO - 保存最佳模型
2025-01-05 00:07:47,371 - name_generator - INFO - Epoch 51 - Train Loss: 1.7461, Train Acc: 0.2650, Val Loss: 1.7768, Val Acc: 0.2597
2025-01-05 00:07:47,371 - name_generator - INFO - 
Epoch 52/200
2025-01-05 00:07:48,627 - name_generator - INFO - 模型已保存到: results/20250105_000636/models/name_rnn.pth
2025-01-05 00:07:48,627 - name_generator - INFO - 保存最佳模型
2025-01-05 00:07:48,628 - name_generator - INFO - Epoch 52 - Train Loss: 1.7451, Train Acc: 0.2643, Val Loss: 1.7713, Val Acc: 0.2631
2025-01-05 00:07:48,628 - name_generator - INFO - 
Epoch 53/200
2025-01-05 00:07:49,879 - name_generator - INFO - 模型已保存到: results/20250105_000636/models/name_rnn.pth
2025-01-05 00:07:49,880 - name_generator - INFO - 保存最佳模型
2025-01-05 00:07:49,880 - name_generator - INFO - Epoch 53 - Train Loss: 1.7365, Train Acc: 0.2654, Val Loss: 1.7675, Val Acc: 0.2634
2025-01-05 00:07:49,880 - name_generator - INFO - 
Epoch 54/200
2025-01-05 00:07:51,133 - name_generator - INFO - 模型已保存到: results/20250105_000636/models/name_rnn.pth
2025-01-05 00:07:51,133 - name_generator - INFO - 保存最佳模型
2025-01-05 00:07:51,133 - name_generator - INFO - Epoch 54 - Train Loss: 1.7311, Train Acc: 0.2681, Val Loss: 1.7633, Val Acc: 0.2681
2025-01-05 00:07:51,133 - name_generator - INFO - 
Epoch 55/200
2025-01-05 00:07:52,389 - name_generator - INFO - 模型已保存到: results/20250105_000636/models/name_rnn.pth
2025-01-05 00:07:52,389 - name_generator - INFO - 保存最佳模型
2025-01-05 00:07:52,389 - name_generator - INFO - Epoch 55 - Train Loss: 1.7221, Train Acc: 0.2677, Val Loss: 1.7582, Val Acc: 0.2651
2025-01-05 00:07:52,389 - name_generator - INFO - 
Epoch 56/200
2025-01-05 00:07:53,645 - name_generator - INFO - 模型已保存到: results/20250105_000636/models/name_rnn.pth
2025-01-05 00:07:53,646 - name_generator - INFO - 保存最佳模型
2025-01-05 00:07:53,646 - name_generator - INFO - Epoch 56 - Train Loss: 1.7304, Train Acc: 0.2677, Val Loss: 1.7547, Val Acc: 0.2671
2025-01-05 00:07:53,646 - name_generator - INFO - 
Epoch 57/200
2025-01-05 00:07:54,901 - name_generator - INFO - 模型已保存到: results/20250105_000636/models/name_rnn.pth
2025-01-05 00:07:54,901 - name_generator - INFO - 保存最佳模型
2025-01-05 00:07:54,901 - name_generator - INFO - Epoch 57 - Train Loss: 1.7150, Train Acc: 0.2690, Val Loss: 1.7510, Val Acc: 0.2664
2025-01-05 00:07:54,901 - name_generator - INFO - 
Epoch 58/200
2025-01-05 00:07:56,157 - name_generator - INFO - 模型已保存到: results/20250105_000636/models/name_rnn.pth
2025-01-05 00:07:56,157 - name_generator - INFO - 保存最佳模型
2025-01-05 00:07:56,157 - name_generator - INFO - Epoch 58 - Train Loss: 1.7100, Train Acc: 0.2684, Val Loss: 1.7478, Val Acc: 0.2667
2025-01-05 00:07:56,157 - name_generator - INFO - 
Epoch 59/200
2025-01-05 00:07:57,411 - name_generator - INFO - 模型已保存到: results/20250105_000636/models/name_rnn.pth
2025-01-05 00:07:57,412 - name_generator - INFO - 保存最佳模型
2025-01-05 00:07:57,412 - name_generator - INFO - Epoch 59 - Train Loss: 1.7109, Train Acc: 0.2706, Val Loss: 1.7451, Val Acc: 0.2707
2025-01-05 00:07:57,412 - name_generator - INFO - 
Epoch 60/200
2025-01-05 00:07:58,669 - name_generator - INFO - 模型已保存到: results/20250105_000636/models/name_rnn.pth
2025-01-05 00:07:58,669 - name_generator - INFO - 保存最佳模型
2025-01-05 00:07:58,669 - name_generator - INFO - Epoch 60 - Train Loss: 1.7114, Train Acc: 0.2721, Val Loss: 1.7412, Val Acc: 0.2691
2025-01-05 00:07:58,669 - name_generator - INFO - 
Epoch 61/200
2025-01-05 00:07:59,924 - name_generator - INFO - 模型已保存到: results/20250105_000636/models/name_rnn.pth
2025-01-05 00:07:59,924 - name_generator - INFO - 保存最佳模型
2025-01-05 00:07:59,924 - name_generator - INFO - Epoch 61 - Train Loss: 1.7079, Train Acc: 0.2741, Val Loss: 1.7388, Val Acc: 0.2694
2025-01-05 00:07:59,924 - name_generator - INFO - 
Epoch 62/200
2025-01-05 00:08:01,179 - name_generator - INFO - 模型已保存到: results/20250105_000636/models/name_rnn.pth
2025-01-05 00:08:01,179 - name_generator - INFO - 保存最佳模型
2025-01-05 00:08:01,179 - name_generator - INFO - Epoch 62 - Train Loss: 1.7076, Train Acc: 0.2733, Val Loss: 1.7363, Val Acc: 0.2671
2025-01-05 00:08:01,179 - name_generator - INFO - 
Epoch 63/200
2025-01-05 00:08:02,432 - name_generator - INFO - 模型已保存到: results/20250105_000636/models/name_rnn.pth
2025-01-05 00:08:02,432 - name_generator - INFO - 保存最佳模型
2025-01-05 00:08:02,432 - name_generator - INFO - Epoch 63 - Train Loss: 1.6956, Train Acc: 0.2733, Val Loss: 1.7341, Val Acc: 0.2681
2025-01-05 00:08:02,432 - name_generator - INFO - 
Epoch 64/200
2025-01-05 00:08:03,684 - name_generator - INFO - 模型已保存到: results/20250105_000636/models/name_rnn.pth
2025-01-05 00:08:03,684 - name_generator - INFO - 保存最佳模型
2025-01-05 00:08:03,684 - name_generator - INFO - Epoch 64 - Train Loss: 1.6935, Train Acc: 0.2742, Val Loss: 1.7317, Val Acc: 0.2667
2025-01-05 00:08:03,684 - name_generator - INFO - 
Epoch 65/200
2025-01-05 00:08:04,940 - name_generator - INFO - 模型已保存到: results/20250105_000636/models/name_rnn.pth
2025-01-05 00:08:04,940 - name_generator - INFO - 保存最佳模型
2025-01-05 00:08:04,940 - name_generator - INFO - Epoch 65 - Train Loss: 1.6998, Train Acc: 0.2726, Val Loss: 1.7297, Val Acc: 0.2677
2025-01-05 00:08:04,940 - name_generator - INFO - 
Epoch 66/200
2025-01-05 00:08:06,196 - name_generator - INFO - 模型已保存到: results/20250105_000636/models/name_rnn.pth
2025-01-05 00:08:06,196 - name_generator - INFO - 保存最佳模型
2025-01-05 00:08:06,196 - name_generator - INFO - Epoch 66 - Train Loss: 1.6957, Train Acc: 0.2753, Val Loss: 1.7260, Val Acc: 0.2691
2025-01-05 00:08:06,196 - name_generator - INFO - 
Epoch 67/200
2025-01-05 00:08:07,464 - name_generator - INFO - 模型已保存到: results/20250105_000636/models/name_rnn.pth
2025-01-05 00:08:07,465 - name_generator - INFO - 保存最佳模型
2025-01-05 00:08:07,465 - name_generator - INFO - Epoch 67 - Train Loss: 1.6986, Train Acc: 0.2762, Val Loss: 1.7238, Val Acc: 0.2677
2025-01-05 00:08:07,465 - name_generator - INFO - 
Epoch 68/200
2025-01-05 00:08:08,730 - name_generator - INFO - 模型已保存到: results/20250105_000636/models/name_rnn.pth
2025-01-05 00:08:08,730 - name_generator - INFO - 保存最佳模型
2025-01-05 00:08:08,730 - name_generator - INFO - Epoch 68 - Train Loss: 1.6920, Train Acc: 0.2757, Val Loss: 1.7222, Val Acc: 0.2701
2025-01-05 00:08:08,730 - name_generator - INFO - 
Epoch 69/200
2025-01-05 00:08:10,008 - name_generator - INFO - Epoch 69 - Train Loss: 1.6840, Train Acc: 0.2762, Val Loss: 1.7223, Val Acc: 0.2718
2025-01-05 00:08:10,008 - name_generator - INFO - 
Epoch 70/200
2025-01-05 00:08:11,286 - name_generator - INFO - 模型已保存到: results/20250105_000636/models/name_rnn.pth
2025-01-05 00:08:11,286 - name_generator - INFO - 保存最佳模型
2025-01-05 00:08:11,286 - name_generator - INFO - Epoch 70 - Train Loss: 1.6753, Train Acc: 0.2778, Val Loss: 1.7187, Val Acc: 0.2687
2025-01-05 00:08:11,286 - name_generator - INFO - 
Epoch 71/200
2025-01-05 00:08:12,604 - name_generator - INFO - 模型已保存到: results/20250105_000636/models/name_rnn.pth
2025-01-05 00:08:12,604 - name_generator - INFO - 保存最佳模型
2025-01-05 00:08:12,604 - name_generator - INFO - Epoch 71 - Train Loss: 1.6778, Train Acc: 0.2784, Val Loss: 1.7181, Val Acc: 0.2711
2025-01-05 00:08:12,605 - name_generator - INFO - 
Epoch 72/200
2025-01-05 00:08:13,882 - name_generator - INFO - 模型已保存到: results/20250105_000636/models/name_rnn.pth
2025-01-05 00:08:13,883 - name_generator - INFO - 保存最佳模型
2025-01-05 00:08:13,883 - name_generator - INFO - Epoch 72 - Train Loss: 1.6783, Train Acc: 0.2788, Val Loss: 1.7150, Val Acc: 0.2724
2025-01-05 00:08:13,883 - name_generator - INFO - 
Epoch 73/200
2025-01-05 00:08:15,161 - name_generator - INFO - 模型已保存到: results/20250105_000636/models/name_rnn.pth
2025-01-05 00:08:15,161 - name_generator - INFO - 保存最佳模型
2025-01-05 00:08:15,161 - name_generator - INFO - Epoch 73 - Train Loss: 1.6749, Train Acc: 0.2805, Val Loss: 1.7128, Val Acc: 0.2771
2025-01-05 00:08:15,162 - name_generator - INFO - 
Epoch 74/200
2025-01-05 00:08:16,443 - name_generator - INFO - 模型已保存到: results/20250105_000636/models/name_rnn.pth
2025-01-05 00:08:16,444 - name_generator - INFO - 保存最佳模型
2025-01-05 00:08:16,444 - name_generator - INFO - Epoch 74 - Train Loss: 1.6759, Train Acc: 0.2798, Val Loss: 1.7107, Val Acc: 0.2754
2025-01-05 00:08:16,444 - name_generator - INFO - 
Epoch 75/200
2025-01-05 00:08:17,731 - name_generator - INFO - 模型已保存到: results/20250105_000636/models/name_rnn.pth
2025-01-05 00:08:17,732 - name_generator - INFO - 保存最佳模型
2025-01-05 00:08:17,732 - name_generator - INFO - Epoch 75 - Train Loss: 1.6633, Train Acc: 0.2817, Val Loss: 1.7090, Val Acc: 0.2768
2025-01-05 00:08:17,732 - name_generator - INFO - 
Epoch 76/200
2025-01-05 00:08:19,011 - name_generator - INFO - 模型已保存到: results/20250105_000636/models/name_rnn.pth
2025-01-05 00:08:19,011 - name_generator - INFO - 保存最佳模型
2025-01-05 00:08:19,011 - name_generator - INFO - Epoch 76 - Train Loss: 1.6681, Train Acc: 0.2817, Val Loss: 1.7078, Val Acc: 0.2764
2025-01-05 00:08:19,011 - name_generator - INFO - 
Epoch 77/200
2025-01-05 00:08:20,289 - name_generator - INFO - Epoch 77 - Train Loss: 1.6617, Train Acc: 0.2858, Val Loss: 1.7079, Val Acc: 0.2761
2025-01-05 00:08:20,289 - name_generator - INFO - 
Epoch 78/200
2025-01-05 00:08:21,564 - name_generator - INFO - Epoch 78 - Train Loss: 1.6679, Train Acc: 0.2845, Val Loss: 1.7089, Val Acc: 0.2728
2025-01-05 00:08:21,564 - name_generator - INFO - 
Epoch 79/200
2025-01-05 00:08:22,846 - name_generator - INFO - 模型已保存到: results/20250105_000636/models/name_rnn.pth
2025-01-05 00:08:22,846 - name_generator - INFO - 保存最佳模型
2025-01-05 00:08:22,846 - name_generator - INFO - Epoch 79 - Train Loss: 1.6585, Train Acc: 0.2859, Val Loss: 1.7027, Val Acc: 0.2791
2025-01-05 00:08:22,846 - name_generator - INFO - 
Epoch 80/200
2025-01-05 00:08:24,125 - name_generator - INFO - 模型已保存到: results/20250105_000636/models/name_rnn.pth
2025-01-05 00:08:24,125 - name_generator - INFO - 保存最佳模型
2025-01-05 00:08:24,125 - name_generator - INFO - Epoch 80 - Train Loss: 1.6609, Train Acc: 0.2872, Val Loss: 1.7024, Val Acc: 0.2788
2025-01-05 00:08:24,125 - name_generator - INFO - 
Epoch 81/200
2025-01-05 00:08:25,397 - name_generator - INFO - Epoch 81 - Train Loss: 1.6560, Train Acc: 0.2874, Val Loss: 1.7026, Val Acc: 0.2781
2025-01-05 00:08:25,397 - name_generator - INFO - 
Epoch 82/200
2025-01-05 00:08:26,679 - name_generator - INFO - 模型已保存到: results/20250105_000636/models/name_rnn.pth
2025-01-05 00:08:26,680 - name_generator - INFO - 保存最佳模型
2025-01-05 00:08:26,680 - name_generator - INFO - Epoch 82 - Train Loss: 1.6600, Train Acc: 0.2871, Val Loss: 1.6996, Val Acc: 0.2815
2025-01-05 00:08:26,680 - name_generator - INFO - 
Epoch 83/200
2025-01-05 00:08:27,961 - name_generator - INFO - 模型已保存到: results/20250105_000636/models/name_rnn.pth
2025-01-05 00:08:27,962 - name_generator - INFO - 保存最佳模型
2025-01-05 00:08:27,962 - name_generator - INFO - Epoch 83 - Train Loss: 1.6544, Train Acc: 0.2884, Val Loss: 1.6972, Val Acc: 0.2811
2025-01-05 00:08:27,962 - name_generator - INFO - 
Epoch 84/200
2025-01-05 00:08:29,246 - name_generator - INFO - 模型已保存到: results/20250105_000636/models/name_rnn.pth
2025-01-05 00:08:29,246 - name_generator - INFO - 保存最佳模型
2025-01-05 00:08:29,246 - name_generator - INFO - Epoch 84 - Train Loss: 1.6671, Train Acc: 0.2890, Val Loss: 1.6959, Val Acc: 0.2791
2025-01-05 00:08:29,246 - name_generator - INFO - 
Epoch 85/200
2025-01-05 00:08:30,530 - name_generator - INFO - 模型已保存到: results/20250105_000636/models/name_rnn.pth
2025-01-05 00:08:30,530 - name_generator - INFO - 保存最佳模型
2025-01-05 00:08:30,530 - name_generator - INFO - Epoch 85 - Train Loss: 1.6496, Train Acc: 0.2889, Val Loss: 1.6955, Val Acc: 0.2801
2025-01-05 00:08:30,530 - name_generator - INFO - 
Epoch 86/200
2025-01-05 00:08:31,812 - name_generator - INFO - 模型已保存到: results/20250105_000636/models/name_rnn.pth
2025-01-05 00:08:31,812 - name_generator - INFO - 保存最佳模型
2025-01-05 00:08:31,812 - name_generator - INFO - Epoch 86 - Train Loss: 1.6536, Train Acc: 0.2902, Val Loss: 1.6934, Val Acc: 0.2835
2025-01-05 00:08:31,812 - name_generator - INFO - 
Epoch 87/200
2025-01-05 00:08:33,096 - name_generator - INFO - 模型已保存到: results/20250105_000636/models/name_rnn.pth
2025-01-05 00:08:33,096 - name_generator - INFO - 保存最佳模型
2025-01-05 00:08:33,096 - name_generator - INFO - Epoch 87 - Train Loss: 1.6458, Train Acc: 0.2914, Val Loss: 1.6922, Val Acc: 0.2825
2025-01-05 00:08:33,096 - name_generator - INFO - 
Epoch 88/200
2025-01-05 00:08:34,377 - name_generator - INFO - 模型已保存到: results/20250105_000636/models/name_rnn.pth
2025-01-05 00:08:34,377 - name_generator - INFO - 保存最佳模型
2025-01-05 00:08:34,377 - name_generator - INFO - Epoch 88 - Train Loss: 1.6472, Train Acc: 0.2920, Val Loss: 1.6907, Val Acc: 0.2818
2025-01-05 00:08:34,377 - name_generator - INFO - 
Epoch 89/200
2025-01-05 00:08:35,663 - name_generator - INFO - 模型已保存到: results/20250105_000636/models/name_rnn.pth
2025-01-05 00:08:35,663 - name_generator - INFO - 保存最佳模型
2025-01-05 00:08:35,663 - name_generator - INFO - Epoch 89 - Train Loss: 1.6416, Train Acc: 0.2905, Val Loss: 1.6903, Val Acc: 0.2821
2025-01-05 00:08:35,663 - name_generator - INFO - 
Epoch 90/200
2025-01-05 00:08:36,948 - name_generator - INFO - 模型已保存到: results/20250105_000636/models/name_rnn.pth
2025-01-05 00:08:36,948 - name_generator - INFO - 保存最佳模型
2025-01-05 00:08:36,948 - name_generator - INFO - Epoch 90 - Train Loss: 1.6487, Train Acc: 0.2912, Val Loss: 1.6880, Val Acc: 0.2811
2025-01-05 00:08:36,948 - name_generator - INFO - 
Epoch 91/200
2025-01-05 00:08:38,228 - name_generator - INFO - 模型已保存到: results/20250105_000636/models/name_rnn.pth
2025-01-05 00:08:38,228 - name_generator - INFO - 保存最佳模型
2025-01-05 00:08:38,228 - name_generator - INFO - Epoch 91 - Train Loss: 1.6405, Train Acc: 0.2921, Val Loss: 1.6876, Val Acc: 0.2828
2025-01-05 00:08:38,228 - name_generator - INFO - 
Epoch 92/200
2025-01-05 00:08:39,473 - name_generator - INFO - 模型已保存到: results/20250105_000636/models/name_rnn.pth
2025-01-05 00:08:39,474 - name_generator - INFO - 保存最佳模型
2025-01-05 00:08:39,474 - name_generator - INFO - Epoch 92 - Train Loss: 1.6336, Train Acc: 0.2933, Val Loss: 1.6862, Val Acc: 0.2821
2025-01-05 00:08:39,474 - name_generator - INFO - 
Epoch 93/200
2025-01-05 00:08:40,736 - name_generator - INFO - Epoch 93 - Train Loss: 1.6466, Train Acc: 0.2940, Val Loss: 1.6882, Val Acc: 0.2818
2025-01-05 00:08:40,736 - name_generator - INFO - 
Epoch 94/200
2025-01-05 00:08:42,025 - name_generator - INFO - 模型已保存到: results/20250105_000636/models/name_rnn.pth
2025-01-05 00:08:42,025 - name_generator - INFO - 保存最佳模型
2025-01-05 00:08:42,025 - name_generator - INFO - Epoch 94 - Train Loss: 1.6352, Train Acc: 0.2930, Val Loss: 1.6843, Val Acc: 0.2838
2025-01-05 00:08:42,025 - name_generator - INFO - 
Epoch 95/200
2025-01-05 00:08:43,308 - name_generator - INFO - 模型已保存到: results/20250105_000636/models/name_rnn.pth
2025-01-05 00:08:43,308 - name_generator - INFO - 保存最佳模型
2025-01-05 00:08:43,309 - name_generator - INFO - Epoch 95 - Train Loss: 1.6238, Train Acc: 0.2938, Val Loss: 1.6831, Val Acc: 0.2845
2025-01-05 00:08:43,309 - name_generator - INFO - 
Epoch 96/200
2025-01-05 00:08:44,584 - name_generator - INFO - Epoch 96 - Train Loss: 1.6419, Train Acc: 0.2936, Val Loss: 1.6837, Val Acc: 0.2828
2025-01-05 00:08:44,584 - name_generator - INFO - 
Epoch 97/200
2025-01-05 00:08:45,877 - name_generator - INFO - 模型已保存到: results/20250105_000636/models/name_rnn.pth
2025-01-05 00:08:45,877 - name_generator - INFO - 保存最佳模型
2025-01-05 00:08:45,877 - name_generator - INFO - Epoch 97 - Train Loss: 1.6414, Train Acc: 0.2951, Val Loss: 1.6819, Val Acc: 0.2831
2025-01-05 00:08:45,877 - name_generator - INFO - 
Epoch 98/200
2025-01-05 00:08:47,162 - name_generator - INFO - 模型已保存到: results/20250105_000636/models/name_rnn.pth
2025-01-05 00:08:47,162 - name_generator - INFO - 保存最佳模型
2025-01-05 00:08:47,162 - name_generator - INFO - Epoch 98 - Train Loss: 1.6325, Train Acc: 0.2958, Val Loss: 1.6814, Val Acc: 0.2845
2025-01-05 00:08:47,162 - name_generator - INFO - 
Epoch 99/200
2025-01-05 00:08:48,433 - name_generator - INFO - Epoch 99 - Train Loss: 1.6281, Train Acc: 0.2968, Val Loss: 1.6819, Val Acc: 0.2828
2025-01-05 00:08:48,433 - name_generator - INFO - 
Epoch 100/200
2025-01-05 00:08:49,746 - name_generator - INFO - 模型已保存到: results/20250105_000636/models/name_rnn.pth
2025-01-05 00:08:49,746 - name_generator - INFO - 保存最佳模型
2025-01-05 00:08:49,746 - name_generator - INFO - Epoch 100 - Train Loss: 1.6367, Train Acc: 0.2965, Val Loss: 1.6787, Val Acc: 0.2892
2025-01-05 00:08:49,746 - name_generator - INFO - 
Epoch 101/200
2025-01-05 00:08:51,077 - name_generator - INFO - 模型已保存到: results/20250105_000636/models/name_rnn.pth
2025-01-05 00:08:51,077 - name_generator - INFO - 保存最佳模型
2025-01-05 00:08:51,077 - name_generator - INFO - Epoch 101 - Train Loss: 1.6251, Train Acc: 0.2970, Val Loss: 1.6775, Val Acc: 0.2865
2025-01-05 00:08:51,077 - name_generator - INFO - 
Epoch 102/200
2025-01-05 00:08:52,396 - name_generator - INFO - Epoch 102 - Train Loss: 1.6268, Train Acc: 0.2982, Val Loss: 1.6784, Val Acc: 0.2838
2025-01-05 00:08:52,396 - name_generator - INFO - 
Epoch 103/200
2025-01-05 00:08:53,712 - name_generator - INFO - 模型已保存到: results/20250105_000636/models/name_rnn.pth
2025-01-05 00:08:53,712 - name_generator - INFO - 保存最佳模型
2025-01-05 00:08:53,712 - name_generator - INFO - Epoch 103 - Train Loss: 1.6234, Train Acc: 0.2986, Val Loss: 1.6753, Val Acc: 0.2898
2025-01-05 00:08:53,712 - name_generator - INFO - 
Epoch 104/200
2025-01-05 00:08:55,027 - name_generator - INFO - 模型已保存到: results/20250105_000636/models/name_rnn.pth
2025-01-05 00:08:55,027 - name_generator - INFO - 保存最佳模型
2025-01-05 00:08:55,027 - name_generator - INFO - Epoch 104 - Train Loss: 1.6083, Train Acc: 0.2985, Val Loss: 1.6752, Val Acc: 0.2892
2025-01-05 00:08:55,027 - name_generator - INFO - 
Epoch 105/200
2025-01-05 00:08:56,369 - name_generator - INFO - 模型已保存到: results/20250105_000636/models/name_rnn.pth
2025-01-05 00:08:56,369 - name_generator - INFO - 保存最佳模型
2025-01-05 00:08:56,369 - name_generator - INFO - Epoch 105 - Train Loss: 1.6190, Train Acc: 0.3015, Val Loss: 1.6739, Val Acc: 0.2918
2025-01-05 00:08:56,369 - name_generator - INFO - 
Epoch 106/200
2025-01-05 00:08:57,648 - name_generator - INFO - Epoch 106 - Train Loss: 1.6186, Train Acc: 0.3003, Val Loss: 1.6747, Val Acc: 0.2915
2025-01-05 00:08:57,648 - name_generator - INFO - 
Epoch 107/200
2025-01-05 00:08:58,941 - name_generator - INFO - 模型已保存到: results/20250105_000636/models/name_rnn.pth
2025-01-05 00:08:58,941 - name_generator - INFO - 保存最佳模型
2025-01-05 00:08:58,941 - name_generator - INFO - Epoch 107 - Train Loss: 1.6248, Train Acc: 0.3023, Val Loss: 1.6737, Val Acc: 0.2912
2025-01-05 00:08:58,941 - name_generator - INFO - 
Epoch 108/200
2025-01-05 00:09:00,238 - name_generator - INFO - 模型已保存到: results/20250105_000636/models/name_rnn.pth
2025-01-05 00:09:00,239 - name_generator - INFO - 保存最佳模型
2025-01-05 00:09:00,239 - name_generator - INFO - Epoch 108 - Train Loss: 1.6267, Train Acc: 0.3017, Val Loss: 1.6721, Val Acc: 0.2952
2025-01-05 00:09:00,239 - name_generator - INFO - 
Epoch 109/200
2025-01-05 00:09:01,523 - name_generator - INFO - 模型已保存到: results/20250105_000636/models/name_rnn.pth
2025-01-05 00:09:01,523 - name_generator - INFO - 保存最佳模型
2025-01-05 00:09:01,523 - name_generator - INFO - Epoch 109 - Train Loss: 1.6120, Train Acc: 0.3034, Val Loss: 1.6718, Val Acc: 0.2938
2025-01-05 00:09:01,523 - name_generator - INFO - 
Epoch 110/200
2025-01-05 00:09:02,817 - name_generator - INFO - 模型已保存到: results/20250105_000636/models/name_rnn.pth
2025-01-05 00:09:02,817 - name_generator - INFO - 保存最佳模型
2025-01-05 00:09:02,817 - name_generator - INFO - Epoch 110 - Train Loss: 1.6074, Train Acc: 0.3055, Val Loss: 1.6703, Val Acc: 0.2965
2025-01-05 00:09:02,817 - name_generator - INFO - 
Epoch 111/200
2025-01-05 00:09:04,113 - name_generator - INFO - 模型已保存到: results/20250105_000636/models/name_rnn.pth
2025-01-05 00:09:04,113 - name_generator - INFO - 保存最佳模型
2025-01-05 00:09:04,113 - name_generator - INFO - Epoch 111 - Train Loss: 1.5979, Train Acc: 0.3048, Val Loss: 1.6693, Val Acc: 0.2965
2025-01-05 00:09:04,113 - name_generator - INFO - 
Epoch 112/200
2025-01-05 00:09:05,409 - name_generator - INFO - 模型已保存到: results/20250105_000636/models/name_rnn.pth
2025-01-05 00:09:05,409 - name_generator - INFO - 保存最佳模型
2025-01-05 00:09:05,409 - name_generator - INFO - Epoch 112 - Train Loss: 1.6046, Train Acc: 0.3054, Val Loss: 1.6688, Val Acc: 0.2979
2025-01-05 00:09:05,409 - name_generator - INFO - 
Epoch 113/200
2025-01-05 00:09:06,698 - name_generator - INFO - Epoch 113 - Train Loss: 1.6033, Train Acc: 0.3073, Val Loss: 1.6694, Val Acc: 0.2975
2025-01-05 00:09:06,698 - name_generator - INFO - 
Epoch 114/200
2025-01-05 00:09:08,001 - name_generator - INFO - 模型已保存到: results/20250105_000636/models/name_rnn.pth
2025-01-05 00:09:08,001 - name_generator - INFO - 保存最佳模型
2025-01-05 00:09:08,001 - name_generator - INFO - Epoch 114 - Train Loss: 1.6085, Train Acc: 0.3067, Val Loss: 1.6677, Val Acc: 0.2972
2025-01-05 00:09:08,001 - name_generator - INFO - 
Epoch 115/200
2025-01-05 00:09:09,298 - name_generator - INFO - Epoch 115 - Train Loss: 1.6025, Train Acc: 0.3076, Val Loss: 1.6681, Val Acc: 0.2965
2025-01-05 00:09:09,298 - name_generator - INFO - 
Epoch 116/200
2025-01-05 00:09:10,586 - name_generator - INFO - 模型已保存到: results/20250105_000636/models/name_rnn.pth
2025-01-05 00:09:10,586 - name_generator - INFO - 保存最佳模型
2025-01-05 00:09:10,587 - name_generator - INFO - Epoch 116 - Train Loss: 1.6175, Train Acc: 0.3068, Val Loss: 1.6673, Val Acc: 0.2982
2025-01-05 00:09:10,587 - name_generator - INFO - 
Epoch 117/200
2025-01-05 00:09:11,888 - name_generator - INFO - 模型已保存到: results/20250105_000636/models/name_rnn.pth
2025-01-05 00:09:11,889 - name_generator - INFO - 保存最佳模型
2025-01-05 00:09:11,889 - name_generator - INFO - Epoch 117 - Train Loss: 1.6093, Train Acc: 0.3078, Val Loss: 1.6655, Val Acc: 0.3002
2025-01-05 00:09:11,889 - name_generator - INFO - 
Epoch 118/200
2025-01-05 00:09:13,187 - name_generator - INFO - 模型已保存到: results/20250105_000636/models/name_rnn.pth
2025-01-05 00:09:13,187 - name_generator - INFO - 保存最佳模型
2025-01-05 00:09:13,187 - name_generator - INFO - Epoch 118 - Train Loss: 1.5983, Train Acc: 0.3081, Val Loss: 1.6647, Val Acc: 0.3015
2025-01-05 00:09:13,187 - name_generator - INFO - 
Epoch 119/200
2025-01-05 00:09:14,474 - name_generator - INFO - 模型已保存到: results/20250105_000636/models/name_rnn.pth
2025-01-05 00:09:14,474 - name_generator - INFO - 保存最佳模型
2025-01-05 00:09:14,474 - name_generator - INFO - Epoch 119 - Train Loss: 1.6030, Train Acc: 0.3088, Val Loss: 1.6642, Val Acc: 0.3025
2025-01-05 00:09:14,474 - name_generator - INFO - 
Epoch 120/200
2025-01-05 00:09:15,769 - name_generator - INFO - 模型已保存到: results/20250105_000636/models/name_rnn.pth
2025-01-05 00:09:15,770 - name_generator - INFO - 保存最佳模型
2025-01-05 00:09:15,770 - name_generator - INFO - Epoch 120 - Train Loss: 1.5977, Train Acc: 0.3101, Val Loss: 1.6633, Val Acc: 0.3002
2025-01-05 00:09:15,770 - name_generator - INFO - 
Epoch 121/200
2025-01-05 00:09:17,053 - name_generator - INFO - Epoch 121 - Train Loss: 1.6038, Train Acc: 0.3096, Val Loss: 1.6637, Val Acc: 0.3009
2025-01-05 00:09:17,053 - name_generator - INFO - 
Epoch 122/200
2025-01-05 00:09:18,337 - name_generator - INFO - 模型已保存到: results/20250105_000636/models/name_rnn.pth
2025-01-05 00:09:18,337 - name_generator - INFO - 保存最佳模型
2025-01-05 00:09:18,337 - name_generator - INFO - Epoch 122 - Train Loss: 1.6050, Train Acc: 0.3104, Val Loss: 1.6632, Val Acc: 0.3029
2025-01-05 00:09:18,337 - name_generator - INFO - 
Epoch 123/200
2025-01-05 00:09:19,621 - name_generator - INFO - 模型已保存到: results/20250105_000636/models/name_rnn.pth
2025-01-05 00:09:19,621 - name_generator - INFO - 保存最佳模型
2025-01-05 00:09:19,621 - name_generator - INFO - Epoch 123 - Train Loss: 1.6081, Train Acc: 0.3127, Val Loss: 1.6625, Val Acc: 0.3042
2025-01-05 00:09:19,621 - name_generator - INFO - 
Epoch 124/200
2025-01-05 00:09:20,956 - name_generator - INFO - 模型已保存到: results/20250105_000636/models/name_rnn.pth
2025-01-05 00:09:20,956 - name_generator - INFO - 保存最佳模型
2025-01-05 00:09:20,956 - name_generator - INFO - Epoch 124 - Train Loss: 1.5956, Train Acc: 0.3116, Val Loss: 1.6620, Val Acc: 0.3015
2025-01-05 00:09:20,956 - name_generator - INFO - 
Epoch 125/200
2025-01-05 00:09:22,260 - name_generator - INFO - 模型已保存到: results/20250105_000636/models/name_rnn.pth
2025-01-05 00:09:22,261 - name_generator - INFO - 保存最佳模型
2025-01-05 00:09:22,261 - name_generator - INFO - Epoch 125 - Train Loss: 1.6023, Train Acc: 0.3128, Val Loss: 1.6600, Val Acc: 0.3035
2025-01-05 00:09:22,261 - name_generator - INFO - 
Epoch 126/200
2025-01-05 00:09:23,580 - name_generator - INFO - 模型已保存到: results/20250105_000636/models/name_rnn.pth
2025-01-05 00:09:23,580 - name_generator - INFO - 保存最佳模型
2025-01-05 00:09:23,580 - name_generator - INFO - Epoch 126 - Train Loss: 1.5881, Train Acc: 0.3131, Val Loss: 1.6600, Val Acc: 0.3069
2025-01-05 00:09:23,580 - name_generator - INFO - 
Epoch 127/200
2025-01-05 00:09:24,892 - name_generator - INFO - 模型已保存到: results/20250105_000636/models/name_rnn.pth
2025-01-05 00:09:24,892 - name_generator - INFO - 保存最佳模型
2025-01-05 00:09:24,892 - name_generator - INFO - Epoch 127 - Train Loss: 1.5966, Train Acc: 0.3121, Val Loss: 1.6593, Val Acc: 0.3049
2025-01-05 00:09:24,893 - name_generator - INFO - 
Epoch 128/200
2025-01-05 00:09:26,186 - name_generator - INFO - Epoch 128 - Train Loss: 1.5875, Train Acc: 0.3146, Val Loss: 1.6604, Val Acc: 0.3046
2025-01-05 00:09:26,186 - name_generator - INFO - 
Epoch 129/200
2025-01-05 00:09:27,482 - name_generator - INFO - 模型已保存到: results/20250105_000636/models/name_rnn.pth
2025-01-05 00:09:27,482 - name_generator - INFO - 保存最佳模型
2025-01-05 00:09:27,482 - name_generator - INFO - Epoch 129 - Train Loss: 1.5943, Train Acc: 0.3148, Val Loss: 1.6576, Val Acc: 0.3056
2025-01-05 00:09:27,482 - name_generator - INFO - 
Epoch 130/200
2025-01-05 00:09:28,777 - name_generator - INFO - 模型已保存到: results/20250105_000636/models/name_rnn.pth
2025-01-05 00:09:28,777 - name_generator - INFO - 保存最佳模型
2025-01-05 00:09:28,777 - name_generator - INFO - Epoch 130 - Train Loss: 1.5871, Train Acc: 0.3143, Val Loss: 1.6574, Val Acc: 0.3066
2025-01-05 00:09:28,777 - name_generator - INFO - 
Epoch 131/200
2025-01-05 00:09:30,074 - name_generator - INFO - 模型已保存到: results/20250105_000636/models/name_rnn.pth
2025-01-05 00:09:30,074 - name_generator - INFO - 保存最佳模型
2025-01-05 00:09:30,074 - name_generator - INFO - Epoch 131 - Train Loss: 1.5821, Train Acc: 0.3166, Val Loss: 1.6570, Val Acc: 0.3066
2025-01-05 00:09:30,074 - name_generator - INFO - 
Epoch 132/200
2025-01-05 00:09:31,479 - name_generator - INFO - 模型已保存到: results/20250105_000636/models/name_rnn.pth
2025-01-05 00:09:31,480 - name_generator - INFO - 保存最佳模型
2025-01-05 00:09:31,480 - name_generator - INFO - Epoch 132 - Train Loss: 1.5887, Train Acc: 0.3159, Val Loss: 1.6562, Val Acc: 0.3059
2025-01-05 00:09:31,480 - name_generator - INFO - 
Epoch 133/200
2025-01-05 00:09:32,867 - name_generator - INFO - 模型已保存到: results/20250105_000636/models/name_rnn.pth
2025-01-05 00:09:32,867 - name_generator - INFO - 保存最佳模型
2025-01-05 00:09:32,867 - name_generator - INFO - Epoch 133 - Train Loss: 1.5872, Train Acc: 0.3171, Val Loss: 1.6551, Val Acc: 0.3096
2025-01-05 00:09:32,867 - name_generator - INFO - 
Epoch 134/200
2025-01-05 00:09:34,257 - name_generator - INFO - Epoch 134 - Train Loss: 1.5733, Train Acc: 0.3170, Val Loss: 1.6552, Val Acc: 0.3096
2025-01-05 00:09:34,257 - name_generator - INFO - 
Epoch 135/200
2025-01-05 00:09:35,670 - name_generator - INFO - Epoch 135 - Train Loss: 1.5924, Train Acc: 0.3171, Val Loss: 1.6557, Val Acc: 0.3089
2025-01-05 00:09:35,670 - name_generator - INFO - 
Epoch 136/200
2025-01-05 00:09:37,075 - name_generator - INFO - 模型已保存到: results/20250105_000636/models/name_rnn.pth
2025-01-05 00:09:37,075 - name_generator - INFO - 保存最佳模型
2025-01-05 00:09:37,076 - name_generator - INFO - Epoch 136 - Train Loss: 1.5889, Train Acc: 0.3172, Val Loss: 1.6544, Val Acc: 0.3069
2025-01-05 00:09:37,076 - name_generator - INFO - 
Epoch 137/200
2025-01-05 00:09:38,466 - name_generator - INFO - 模型已保存到: results/20250105_000636/models/name_rnn.pth
2025-01-05 00:09:38,466 - name_generator - INFO - 保存最佳模型
2025-01-05 00:09:38,466 - name_generator - INFO - Epoch 137 - Train Loss: 1.5780, Train Acc: 0.3181, Val Loss: 1.6542, Val Acc: 0.3076
2025-01-05 00:09:38,466 - name_generator - INFO - 
Epoch 138/200
2025-01-05 00:09:39,863 - name_generator - INFO - 模型已保存到: results/20250105_000636/models/name_rnn.pth
2025-01-05 00:09:39,863 - name_generator - INFO - 保存最佳模型
2025-01-05 00:09:39,863 - name_generator - INFO - Epoch 138 - Train Loss: 1.5796, Train Acc: 0.3188, Val Loss: 1.6528, Val Acc: 0.3096
2025-01-05 00:09:39,863 - name_generator - INFO - 
Epoch 139/200
2025-01-05 00:09:41,260 - name_generator - INFO - 模型已保存到: results/20250105_000636/models/name_rnn.pth
2025-01-05 00:09:41,260 - name_generator - INFO - 保存最佳模型
2025-01-05 00:09:41,260 - name_generator - INFO - Epoch 139 - Train Loss: 1.5789, Train Acc: 0.3187, Val Loss: 1.6528, Val Acc: 0.3076
2025-01-05 00:09:41,260 - name_generator - INFO - 
Epoch 140/200
2025-01-05 00:09:42,651 - name_generator - INFO - Epoch 140 - Train Loss: 1.5698, Train Acc: 0.3195, Val Loss: 1.6532, Val Acc: 0.3096
2025-01-05 00:09:42,651 - name_generator - INFO - 
Epoch 141/200
2025-01-05 00:09:44,055 - name_generator - INFO - 模型已保存到: results/20250105_000636/models/name_rnn.pth
2025-01-05 00:09:44,056 - name_generator - INFO - 保存最佳模型
2025-01-05 00:09:44,056 - name_generator - INFO - Epoch 141 - Train Loss: 1.5758, Train Acc: 0.3195, Val Loss: 1.6516, Val Acc: 0.3092
2025-01-05 00:09:44,056 - name_generator - INFO - 
Epoch 142/200
2025-01-05 00:09:45,381 - name_generator - INFO - 模型已保存到: results/20250105_000636/models/name_rnn.pth
2025-01-05 00:09:45,382 - name_generator - INFO - 保存最佳模型
2025-01-05 00:09:45,382 - name_generator - INFO - Epoch 142 - Train Loss: 1.5866, Train Acc: 0.3191, Val Loss: 1.6503, Val Acc: 0.3089
2025-01-05 00:09:45,382 - name_generator - INFO - 
Epoch 143/200
2025-01-05 00:09:46,657 - name_generator - INFO - Epoch 143 - Train Loss: 1.5785, Train Acc: 0.3201, Val Loss: 1.6510, Val Acc: 0.3079
2025-01-05 00:09:46,658 - name_generator - INFO - 
Epoch 144/200
2025-01-05 00:09:47,940 - name_generator - INFO - 模型已保存到: results/20250105_000636/models/name_rnn.pth
2025-01-05 00:09:47,940 - name_generator - INFO - 保存最佳模型
2025-01-05 00:09:47,940 - name_generator - INFO - Epoch 144 - Train Loss: 1.5681, Train Acc: 0.3219, Val Loss: 1.6495, Val Acc: 0.3072
2025-01-05 00:09:47,940 - name_generator - INFO - 
Epoch 145/200
2025-01-05 00:09:49,226 - name_generator - INFO - 模型已保存到: results/20250105_000636/models/name_rnn.pth
2025-01-05 00:09:49,226 - name_generator - INFO - 保存最佳模型
2025-01-05 00:09:49,226 - name_generator - INFO - Epoch 145 - Train Loss: 1.5698, Train Acc: 0.3211, Val Loss: 1.6485, Val Acc: 0.3066
2025-01-05 00:09:49,226 - name_generator - INFO - 
Epoch 146/200
2025-01-05 00:09:50,698 - name_generator - INFO - Epoch 146 - Train Loss: 1.5689, Train Acc: 0.3208, Val Loss: 1.6495, Val Acc: 0.3076
2025-01-05 00:09:50,698 - name_generator - INFO - 
Epoch 147/200
2025-01-05 00:09:52,224 - name_generator - INFO - Epoch 147 - Train Loss: 1.5703, Train Acc: 0.3205, Val Loss: 1.6487, Val Acc: 0.3099
2025-01-05 00:09:52,224 - name_generator - INFO - 
Epoch 148/200
2025-01-05 00:09:53,747 - name_generator - INFO - 模型已保存到: results/20250105_000636/models/name_rnn.pth
2025-01-05 00:09:53,747 - name_generator - INFO - 保存最佳模型
2025-01-05 00:09:53,747 - name_generator - INFO - Epoch 148 - Train Loss: 1.5656, Train Acc: 0.3211, Val Loss: 1.6466, Val Acc: 0.3112
2025-01-05 00:09:53,747 - name_generator - INFO - 
Epoch 149/200
2025-01-05 00:09:55,275 - name_generator - INFO - Epoch 149 - Train Loss: 1.5727, Train Acc: 0.3231, Val Loss: 1.6473, Val Acc: 0.3099
2025-01-05 00:09:55,275 - name_generator - INFO - 
Epoch 150/200
2025-01-05 00:09:56,807 - name_generator - INFO - 模型已保存到: results/20250105_000636/models/name_rnn.pth
2025-01-05 00:09:56,808 - name_generator - INFO - 保存最佳模型
2025-01-05 00:09:56,808 - name_generator - INFO - Epoch 150 - Train Loss: 1.5763, Train Acc: 0.3216, Val Loss: 1.6464, Val Acc: 0.3119
2025-01-05 00:09:56,808 - name_generator - INFO - 
Epoch 151/200
2025-01-05 00:09:58,333 - name_generator - INFO - 模型已保存到: results/20250105_000636/models/name_rnn.pth
2025-01-05 00:09:58,333 - name_generator - INFO - 保存最佳模型
2025-01-05 00:09:58,333 - name_generator - INFO - Epoch 151 - Train Loss: 1.5743, Train Acc: 0.3234, Val Loss: 1.6454, Val Acc: 0.3109
2025-01-05 00:09:58,334 - name_generator - INFO - 
Epoch 152/200
2025-01-05 00:09:59,840 - name_generator - INFO - Epoch 152 - Train Loss: 1.5676, Train Acc: 0.3235, Val Loss: 1.6455, Val Acc: 0.3133
2025-01-05 00:09:59,841 - name_generator - INFO - 
Epoch 153/200
2025-01-05 00:10:01,358 - name_generator - INFO - Epoch 153 - Train Loss: 1.5625, Train Acc: 0.3234, Val Loss: 1.6461, Val Acc: 0.3122
2025-01-05 00:10:01,358 - name_generator - INFO - 
Epoch 154/200
2025-01-05 00:10:02,879 - name_generator - INFO - 模型已保存到: results/20250105_000636/models/name_rnn.pth
2025-01-05 00:10:02,879 - name_generator - INFO - 保存最佳模型
2025-01-05 00:10:02,879 - name_generator - INFO - Epoch 154 - Train Loss: 1.5733, Train Acc: 0.3235, Val Loss: 1.6449, Val Acc: 0.3102
2025-01-05 00:10:02,879 - name_generator - INFO - 
Epoch 155/200
2025-01-05 00:10:04,393 - name_generator - INFO - 模型已保存到: results/20250105_000636/models/name_rnn.pth
2025-01-05 00:10:04,393 - name_generator - INFO - 保存最佳模型
2025-01-05 00:10:04,394 - name_generator - INFO - Epoch 155 - Train Loss: 1.5788, Train Acc: 0.3240, Val Loss: 1.6434, Val Acc: 0.3109
2025-01-05 00:10:04,394 - name_generator - INFO - 
Epoch 156/200
2025-01-05 00:10:05,891 - name_generator - INFO - Epoch 156 - Train Loss: 1.5598, Train Acc: 0.3249, Val Loss: 1.6441, Val Acc: 0.3099
2025-01-05 00:10:05,891 - name_generator - INFO - 
Epoch 157/200
2025-01-05 00:10:07,450 - name_generator - INFO - 模型已保存到: results/20250105_000636/models/name_rnn.pth
2025-01-05 00:10:07,450 - name_generator - INFO - 保存最佳模型
2025-01-05 00:10:07,450 - name_generator - INFO - Epoch 157 - Train Loss: 1.5636, Train Acc: 0.3238, Val Loss: 1.6420, Val Acc: 0.3116
2025-01-05 00:10:07,450 - name_generator - INFO - 
Epoch 158/200
2025-01-05 00:10:08,910 - name_generator - INFO - 模型已保存到: results/20250105_000636/models/name_rnn.pth
2025-01-05 00:10:08,910 - name_generator - INFO - 保存最佳模型
2025-01-05 00:10:08,910 - name_generator - INFO - Epoch 158 - Train Loss: 1.5610, Train Acc: 0.3246, Val Loss: 1.6418, Val Acc: 0.3122
2025-01-05 00:10:08,910 - name_generator - INFO - 
Epoch 159/200
2025-01-05 00:10:10,441 - name_generator - INFO - 模型已保存到: results/20250105_000636/models/name_rnn.pth
2025-01-05 00:10:10,441 - name_generator - INFO - 保存最佳模型
2025-01-05 00:10:10,442 - name_generator - INFO - Epoch 159 - Train Loss: 1.5567, Train Acc: 0.3254, Val Loss: 1.6415, Val Acc: 0.3143
2025-01-05 00:10:10,442 - name_generator - INFO - 
Epoch 160/200
2025-01-05 00:10:11,924 - name_generator - INFO - 模型已保存到: results/20250105_000636/models/name_rnn.pth
2025-01-05 00:10:11,924 - name_generator - INFO - 保存最佳模型
2025-01-05 00:10:11,924 - name_generator - INFO - Epoch 160 - Train Loss: 1.5652, Train Acc: 0.3255, Val Loss: 1.6411, Val Acc: 0.3119
2025-01-05 00:10:11,924 - name_generator - INFO - 
Epoch 161/200
2025-01-05 00:10:13,430 - name_generator - INFO - 模型已保存到: results/20250105_000636/models/name_rnn.pth
2025-01-05 00:10:13,430 - name_generator - INFO - 保存最佳模型
2025-01-05 00:10:13,430 - name_generator - INFO - Epoch 161 - Train Loss: 1.5539, Train Acc: 0.3260, Val Loss: 1.6403, Val Acc: 0.3096
2025-01-05 00:10:13,430 - name_generator - INFO - 
Epoch 162/200
2025-01-05 00:10:14,937 - name_generator - INFO - Epoch 162 - Train Loss: 1.5606, Train Acc: 0.3261, Val Loss: 1.6404, Val Acc: 0.3126
2025-01-05 00:10:14,937 - name_generator - INFO - 
Epoch 163/200
2025-01-05 00:10:16,279 - name_generator - INFO - Epoch 163 - Train Loss: 1.5580, Train Acc: 0.3261, Val Loss: 1.6411, Val Acc: 0.3096
2025-01-05 00:10:16,280 - name_generator - INFO - 
Epoch 164/200
2025-01-05 00:10:17,772 - name_generator - INFO - 模型已保存到: results/20250105_000636/models/name_rnn.pth
2025-01-05 00:10:17,772 - name_generator - INFO - 保存最佳模型
2025-01-05 00:10:17,772 - name_generator - INFO - Epoch 164 - Train Loss: 1.5509, Train Acc: 0.3273, Val Loss: 1.6390, Val Acc: 0.3166
2025-01-05 00:10:17,772 - name_generator - INFO - 
Epoch 165/200
2025-01-05 00:10:19,468 - name_generator - INFO - 模型已保存到: results/20250105_000636/models/name_rnn.pth
2025-01-05 00:10:19,468 - name_generator - INFO - 保存最佳模型
2025-01-05 00:10:19,468 - name_generator - INFO - Epoch 165 - Train Loss: 1.5575, Train Acc: 0.3280, Val Loss: 1.6379, Val Acc: 0.3169
2025-01-05 00:10:19,468 - name_generator - INFO - 
Epoch 166/200
2025-01-05 00:10:20,695 - name_generator - INFO - Epoch 166 - Train Loss: 1.5569, Train Acc: 0.3259, Val Loss: 1.6381, Val Acc: 0.3136
2025-01-05 00:10:20,696 - name_generator - INFO - 
Epoch 167/200
2025-01-05 00:10:21,960 - name_generator - INFO - 模型已保存到: results/20250105_000636/models/name_rnn.pth
2025-01-05 00:10:21,960 - name_generator - INFO - 保存最佳模型
2025-01-05 00:10:21,960 - name_generator - INFO - Epoch 167 - Train Loss: 1.5477, Train Acc: 0.3276, Val Loss: 1.6365, Val Acc: 0.3136
2025-01-05 00:10:21,960 - name_generator - INFO - 
Epoch 168/200
2025-01-05 00:10:23,478 - name_generator - INFO - Epoch 168 - Train Loss: 1.5435, Train Acc: 0.3281, Val Loss: 1.6394, Val Acc: 0.3102
2025-01-05 00:10:23,478 - name_generator - INFO - 
Epoch 169/200
2025-01-05 00:10:25,145 - name_generator - INFO - 模型已保存到: results/20250105_000636/models/name_rnn.pth
2025-01-05 00:10:25,145 - name_generator - INFO - 保存最佳模型
2025-01-05 00:10:25,145 - name_generator - INFO - Epoch 169 - Train Loss: 1.5499, Train Acc: 0.3295, Val Loss: 1.6361, Val Acc: 0.3129
2025-01-05 00:10:25,145 - name_generator - INFO - 
Epoch 170/200
2025-01-05 00:10:26,805 - name_generator - INFO - 模型已保存到: results/20250105_000636/models/name_rnn.pth
2025-01-05 00:10:26,805 - name_generator - INFO - 保存最佳模型
2025-01-05 00:10:26,805 - name_generator - INFO - Epoch 170 - Train Loss: 1.5444, Train Acc: 0.3292, Val Loss: 1.6354, Val Acc: 0.3119
2025-01-05 00:10:26,805 - name_generator - INFO - 
Epoch 171/200
2025-01-05 00:10:28,483 - name_generator - INFO - 模型已保存到: results/20250105_000636/models/name_rnn.pth
2025-01-05 00:10:28,483 - name_generator - INFO - 保存最佳模型
2025-01-05 00:10:28,483 - name_generator - INFO - Epoch 171 - Train Loss: 1.5587, Train Acc: 0.3299, Val Loss: 1.6350, Val Acc: 0.3183
2025-01-05 00:10:28,484 - name_generator - INFO - 
Epoch 172/200
2025-01-05 00:10:30,208 - name_generator - INFO - 模型已保存到: results/20250105_000636/models/name_rnn.pth
2025-01-05 00:10:30,208 - name_generator - INFO - 保存最佳模型
2025-01-05 00:10:30,208 - name_generator - INFO - Epoch 172 - Train Loss: 1.5462, Train Acc: 0.3304, Val Loss: 1.6327, Val Acc: 0.3156
2025-01-05 00:10:30,208 - name_generator - INFO - 
Epoch 173/200
2025-01-05 00:10:31,661 - name_generator - INFO - Epoch 173 - Train Loss: 1.5494, Train Acc: 0.3288, Val Loss: 1.6345, Val Acc: 0.3173
2025-01-05 00:10:31,661 - name_generator - INFO - 
Epoch 174/200
2025-01-05 00:10:32,933 - name_generator - INFO - Epoch 174 - Train Loss: 1.5540, Train Acc: 0.3312, Val Loss: 1.6338, Val Acc: 0.3143
2025-01-05 00:10:32,933 - name_generator - INFO - 
Epoch 175/200
2025-01-05 00:10:34,206 - name_generator - INFO - 模型已保存到: results/20250105_000636/models/name_rnn.pth
2025-01-05 00:10:34,206 - name_generator - INFO - 保存最佳模型
2025-01-05 00:10:34,206 - name_generator - INFO - Epoch 175 - Train Loss: 1.5514, Train Acc: 0.3319, Val Loss: 1.6323, Val Acc: 0.3146
2025-01-05 00:10:34,206 - name_generator - INFO - 
Epoch 176/200
2025-01-05 00:10:35,461 - name_generator - INFO - Epoch 176 - Train Loss: 1.5383, Train Acc: 0.3322, Val Loss: 1.6325, Val Acc: 0.3143
2025-01-05 00:10:35,461 - name_generator - INFO - 
Epoch 177/200
2025-01-05 00:10:36,735 - name_generator - INFO - 模型已保存到: results/20250105_000636/models/name_rnn.pth
2025-01-05 00:10:36,735 - name_generator - INFO - 保存最佳模型
2025-01-05 00:10:36,735 - name_generator - INFO - Epoch 177 - Train Loss: 1.5385, Train Acc: 0.3304, Val Loss: 1.6314, Val Acc: 0.3166
2025-01-05 00:10:36,736 - name_generator - INFO - 
Epoch 178/200
2025-01-05 00:10:38,024 - name_generator - INFO - Epoch 178 - Train Loss: 1.5422, Train Acc: 0.3329, Val Loss: 1.6325, Val Acc: 0.3153
2025-01-05 00:10:38,024 - name_generator - INFO - 
Epoch 179/200
2025-01-05 00:10:39,296 - name_generator - INFO - 模型已保存到: results/20250105_000636/models/name_rnn.pth
2025-01-05 00:10:39,296 - name_generator - INFO - 保存最佳模型
2025-01-05 00:10:39,297 - name_generator - INFO - Epoch 179 - Train Loss: 1.5425, Train Acc: 0.3311, Val Loss: 1.6306, Val Acc: 0.3133
2025-01-05 00:10:39,297 - name_generator - INFO - 
Epoch 180/200
2025-01-05 00:10:40,696 - name_generator - INFO - 模型已保存到: results/20250105_000636/models/name_rnn.pth
2025-01-05 00:10:40,696 - name_generator - INFO - 保存最佳模型
2025-01-05 00:10:40,696 - name_generator - INFO - Epoch 180 - Train Loss: 1.5372, Train Acc: 0.3330, Val Loss: 1.6297, Val Acc: 0.3143
2025-01-05 00:10:40,696 - name_generator - INFO - 
Epoch 181/200
2025-01-05 00:10:42,110 - name_generator - INFO - 模型已保存到: results/20250105_000636/models/name_rnn.pth
2025-01-05 00:10:42,110 - name_generator - INFO - 保存最佳模型
2025-01-05 00:10:42,110 - name_generator - INFO - Epoch 181 - Train Loss: 1.5438, Train Acc: 0.3347, Val Loss: 1.6285, Val Acc: 0.3179
2025-01-05 00:10:42,110 - name_generator - INFO - 
Epoch 182/200
2025-01-05 00:10:43,490 - name_generator - INFO - Epoch 182 - Train Loss: 1.5396, Train Acc: 0.3331, Val Loss: 1.6295, Val Acc: 0.3149
2025-01-05 00:10:43,490 - name_generator - INFO - 
Epoch 183/200
2025-01-05 00:10:44,865 - name_generator - INFO - Epoch 183 - Train Loss: 1.5478, Train Acc: 0.3341, Val Loss: 1.6290, Val Acc: 0.3173
2025-01-05 00:10:44,865 - name_generator - INFO - 
Epoch 184/200
2025-01-05 00:10:46,182 - name_generator - INFO - 模型已保存到: results/20250105_000636/models/name_rnn.pth
2025-01-05 00:10:46,183 - name_generator - INFO - 保存最佳模型
2025-01-05 00:10:46,183 - name_generator - INFO - Epoch 184 - Train Loss: 1.5385, Train Acc: 0.3339, Val Loss: 1.6281, Val Acc: 0.3159
2025-01-05 00:10:46,183 - name_generator - INFO - 
Epoch 185/200
2025-01-05 00:10:47,454 - name_generator - INFO - 模型已保存到: results/20250105_000636/models/name_rnn.pth
2025-01-05 00:10:47,454 - name_generator - INFO - 保存最佳模型
2025-01-05 00:10:47,454 - name_generator - INFO - Epoch 185 - Train Loss: 1.5276, Train Acc: 0.3326, Val Loss: 1.6278, Val Acc: 0.3156
2025-01-05 00:10:47,454 - name_generator - INFO - 
Epoch 186/200
2025-01-05 00:10:48,729 - name_generator - INFO - 模型已保存到: results/20250105_000636/models/name_rnn.pth
2025-01-05 00:10:48,729 - name_generator - INFO - 保存最佳模型
2025-01-05 00:10:48,730 - name_generator - INFO - Epoch 186 - Train Loss: 1.5293, Train Acc: 0.3355, Val Loss: 1.6262, Val Acc: 0.3189
2025-01-05 00:10:48,730 - name_generator - INFO - 
Epoch 187/200
2025-01-05 00:10:50,007 - name_generator - INFO - 模型已保存到: results/20250105_000636/models/name_rnn.pth
2025-01-05 00:10:50,007 - name_generator - INFO - 保存最佳模型
2025-01-05 00:10:50,007 - name_generator - INFO - Epoch 187 - Train Loss: 1.5391, Train Acc: 0.3355, Val Loss: 1.6255, Val Acc: 0.3163
2025-01-05 00:10:50,007 - name_generator - INFO - 
Epoch 188/200
2025-01-05 00:10:51,283 - name_generator - INFO - Epoch 188 - Train Loss: 1.5292, Train Acc: 0.3352, Val Loss: 1.6262, Val Acc: 0.3173
2025-01-05 00:10:51,283 - name_generator - INFO - 
Epoch 189/200
2025-01-05 00:10:52,582 - name_generator - INFO - 模型已保存到: results/20250105_000636/models/name_rnn.pth
2025-01-05 00:10:52,582 - name_generator - INFO - 保存最佳模型
2025-01-05 00:10:52,582 - name_generator - INFO - Epoch 189 - Train Loss: 1.5399, Train Acc: 0.3354, Val Loss: 1.6248, Val Acc: 0.3189
2025-01-05 00:10:52,582 - name_generator - INFO - 
Epoch 190/200
2025-01-05 00:10:53,853 - name_generator - INFO - Epoch 190 - Train Loss: 1.5394, Train Acc: 0.3362, Val Loss: 1.6252, Val Acc: 0.3186
2025-01-05 00:10:53,853 - name_generator - INFO - 
Epoch 191/200
2025-01-05 00:10:55,143 - name_generator - INFO - 模型已保存到: results/20250105_000636/models/name_rnn.pth
2025-01-05 00:10:55,143 - name_generator - INFO - 保存最佳模型
2025-01-05 00:10:55,144 - name_generator - INFO - Epoch 191 - Train Loss: 1.5322, Train Acc: 0.3376, Val Loss: 1.6234, Val Acc: 0.3163
2025-01-05 00:10:55,144 - name_generator - INFO - 
Epoch 192/200
2025-01-05 00:10:56,506 - name_generator - INFO - Epoch 192 - Train Loss: 1.5334, Train Acc: 0.3366, Val Loss: 1.6235, Val Acc: 0.3179
2025-01-05 00:10:56,506 - name_generator - INFO - 
Epoch 193/200
2025-01-05 00:10:57,914 - name_generator - INFO - 模型已保存到: results/20250105_000636/models/name_rnn.pth
2025-01-05 00:10:57,914 - name_generator - INFO - 保存最佳模型
2025-01-05 00:10:57,914 - name_generator - INFO - Epoch 193 - Train Loss: 1.5301, Train Acc: 0.3379, Val Loss: 1.6226, Val Acc: 0.3206
2025-01-05 00:10:57,914 - name_generator - INFO - 
Epoch 194/200
2025-01-05 00:10:59,293 - name_generator - INFO - 模型已保存到: results/20250105_000636/models/name_rnn.pth
2025-01-05 00:10:59,293 - name_generator - INFO - 保存最佳模型
2025-01-05 00:10:59,293 - name_generator - INFO - Epoch 194 - Train Loss: 1.5164, Train Acc: 0.3389, Val Loss: 1.6214, Val Acc: 0.3189
2025-01-05 00:10:59,293 - name_generator - INFO - 
Epoch 195/200
2025-01-05 00:11:00,666 - name_generator - INFO - Epoch 195 - Train Loss: 1.5222, Train Acc: 0.3384, Val Loss: 1.6224, Val Acc: 0.3186
2025-01-05 00:11:00,666 - name_generator - INFO - 
Epoch 196/200
2025-01-05 00:11:02,028 - name_generator - INFO - Epoch 196 - Train Loss: 1.5238, Train Acc: 0.3394, Val Loss: 1.6219, Val Acc: 0.3153
2025-01-05 00:11:02,028 - name_generator - INFO - 
Epoch 197/200
2025-01-05 00:11:03,305 - name_generator - INFO - 模型已保存到: results/20250105_000636/models/name_rnn.pth
2025-01-05 00:11:03,305 - name_generator - INFO - 保存最佳模型
2025-01-05 00:11:03,305 - name_generator - INFO - Epoch 197 - Train Loss: 1.5260, Train Acc: 0.3409, Val Loss: 1.6203, Val Acc: 0.3163
2025-01-05 00:11:03,305 - name_generator - INFO - 
Epoch 198/200
2025-01-05 00:11:04,578 - name_generator - INFO - 模型已保存到: results/20250105_000636/models/name_rnn.pth
2025-01-05 00:11:04,578 - name_generator - INFO - 保存最佳模型
2025-01-05 00:11:04,578 - name_generator - INFO - Epoch 198 - Train Loss: 1.5237, Train Acc: 0.3394, Val Loss: 1.6200, Val Acc: 0.3206
2025-01-05 00:11:04,578 - name_generator - INFO - 
Epoch 199/200
2025-01-05 00:11:05,865 - name_generator - INFO - 模型已保存到: results/20250105_000636/models/name_rnn.pth
2025-01-05 00:11:05,865 - name_generator - INFO - 保存最佳模型
2025-01-05 00:11:05,865 - name_generator - INFO - Epoch 199 - Train Loss: 1.5296, Train Acc: 0.3397, Val Loss: 1.6193, Val Acc: 0.3193
2025-01-05 00:11:05,866 - name_generator - INFO - 
Epoch 200/200
2025-01-05 00:11:07,141 - name_generator - INFO - Epoch 200 - Train Loss: 1.5231, Train Acc: 0.3389, Val Loss: 1.6196, Val Acc: 0.3193
2025-01-05 00:11:07,141 - name_generator - INFO - 训练完成!
2025-01-05 00:11:07,141 - name_generator - INFO - 
评估生成质量...
2025-01-05 00:11:07,994 - name_generator - INFO - 
生成样本示例:
2025-01-05 00:11:07,994 - name_generator - INFO - 使用1个字符生成:
2025-01-05 00:11:07,994 - name_generator - INFO - 参考: madelynn -> 生成: mmjynhas
2025-01-05 00:11:07,994 - name_generator - INFO - 参考: chrissie -> 生成: cmzondt
2025-01-05 00:11:07,994 - name_generator - INFO - 参考: everly -> 生成: eallia
2025-01-05 00:11:07,994 - name_generator - INFO - 
使用2个字符生成:
2025-01-05 00:11:07,994 - name_generator - INFO - 参考: madelynn -> 生成: mase
2025-01-05 00:11:07,994 - name_generator - INFO - 参考: chrissie -> 生成: cheraliza
2025-01-05 00:11:07,994 - name_generator - INFO - 参考: everly -> 生成: evowzen
2025-01-05 00:11:07,994 - name_generator - INFO - bleu1_1char: 0.3370
2025-01-05 00:11:07,994 - name_generator - INFO - bleu2_1char: 0.1206
2025-01-05 00:11:07,994 - name_generator - INFO - bleu3_1char: 0.0697
2025-01-05 00:11:07,994 - name_generator - INFO - bleu4_1char: 0.0597
2025-01-05 00:11:07,994 - name_generator - INFO - bleu1_2char: 0.4114
2025-01-05 00:11:07,994 - name_generator - INFO - bleu2_2char: 0.2921
2025-01-05 00:11:07,994 - name_generator - INFO - bleu3_2char: 0.1500
2025-01-05 00:11:07,994 - name_generator - INFO - bleu4_2char: 0.1032
2025-01-05 00:11:07,994 - name_generator - INFO - 
生成训练过程可视化...
2025-01-05 00:11:08,306 - name_generator - INFO - 生成数据分布可视化...
2025-01-05 00:11:08,813 - name_generator - INFO - 实验目录已保存: results/20250105_000636
2025-01-05 00:13:31,263 - name_generator - INFO - 加载已训练的模型...
2025-01-05 00:13:33,572 - name_generator - INFO - 初始化训练器 - 模型参数数量: 27164
2025-01-05 00:13:33,581 - name_generator - INFO - 加载模型从: results/20250105_000636/models/name_rnn.pth
2025-01-05 00:13:45,994 - name_generator - INFO - 从开头生成名字（起始序列: a）...
2025-01-05 00:13:47,880 - name_generator - INFO - 生成的名字: abrie
2025-01-05 00:14:01,402 - name_generator - INFO - 从开头生成名字（起始序列: b）...
2025-01-05 00:14:01,415 - name_generator - INFO - 生成的名字: balren
2025-01-05 00:14:10,907 - name_generator - INFO - 从开头生成名字（起始序列: m）...
2025-01-05 00:14:10,917 - name_generator - INFO - 生成的名字: mley
2025-01-05 00:14:35,037 - name_generator - INFO - 加载已训练的模型...
2025-01-05 00:14:37,325 - name_generator - INFO - 初始化训练器 - 模型参数数量: 27164
2025-01-05 00:14:37,335 - name_generator - INFO - 加载模型从: results/20250105_000636/models/name_rnn.pth
2025-01-05 00:14:43,387 - name_generator - INFO - 从开头生成名字（起始序列: w）...
2025-01-05 00:14:45,293 - name_generator - INFO - 生成的名字: wayta
2025-01-05 00:14:56,138 - name_generator - INFO - 使用不同策略生成名字（起始序列: y）...
2025-01-05 00:14:56,191 - name_generator - INFO - Greedy: ylina
2025-01-05 00:14:56,192 - name_generator - INFO - Temperature: yjina
2025-01-05 00:14:56,192 - name_generator - INFO - Beam Search: yna.
2025-01-05 00:14:56,192 - name_generator - INFO - Top-K: yta
2025-01-05 00:14:56,192 - name_generator - INFO - Top-P: ydie
2025-01-05 00:15:09,980 - name_generator - INFO - 使用不同策略生成名字（起始序列: mi）...
2025-01-05 00:15:10,043 - name_generator - INFO - Greedy: mianden
2025-01-05 00:15:10,043 - name_generator - INFO - Temperature: miarde
2025-01-05 00:15:10,044 - name_generator - INFO - Beam Search: misan.
2025-01-05 00:15:10,044 - name_generator - INFO - Top-K: mialnla
2025-01-05 00:15:10,044 - name_generator - INFO - Top-P: mitan
2025-01-05 00:16:04,135 - name_generator - INFO - 加载已训练的模型...
2025-01-05 00:16:06,434 - name_generator - INFO - 初始化训练器 - 模型参数数量: 27164
2025-01-05 00:16:06,444 - name_generator - INFO - 加载模型从: results/20250105_000636/models/name_rnn.pth
2025-01-05 00:16:16,574 - name_generator - INFO - 加载已训练的模型...
2025-01-05 00:16:18,952 - name_generator - INFO - 初始化训练器 - 模型参数数量: 27164
2025-01-05 00:16:18,961 - name_generator - INFO - 加载模型从: results/20250105_000636/models/name_rnn.pth
2025-01-05 00:16:25,741 - name_generator - INFO - 使用不同策略生成名字（起始序列: t）...
2025-01-05 00:16:27,645 - name_generator - INFO - Greedy: terina
2025-01-05 00:16:27,645 - name_generator - INFO - Temperature: tis
2025-01-05 00:16:27,645 - name_generator - INFO - Beam Search: trey.
2025-01-05 00:16:27,645 - name_generator - INFO - Top-K: terina
2025-01-05 00:16:27,646 - name_generator - INFO - Top-P: theradh
