2025-01-05 10:49:13,318 - name_generator - INFO - 开始forward模型训练...
2025-01-05 10:49:13,319 - name_generator - INFO - 
训练参数:
2025-01-05 10:49:13,319 - name_generator - INFO - model_type: forward
2025-01-05 10:49:13,319 - name_generator - INFO - hidden_size: 32
2025-01-05 10:49:13,319 - name_generator - INFO - n_layers: 3
2025-01-05 10:49:13,319 - name_generator - INFO - bidirectional: False
2025-01-05 10:49:13,319 - name_generator - INFO - batch_size: 16
2025-01-05 10:49:13,319 - name_generator - INFO - n_epochs: 200
2025-01-05 10:49:13,319 - name_generator - INFO - learning_rate: 0.0001
2025-01-05 10:49:13,320 - name_generator - INFO - device: cuda:1
2025-01-05 10:49:13,320 - name_generator - INFO - 
加载数据...
2025-01-05 10:49:13,335 - name_generator - INFO - 总名字数量: 4341
2025-01-05 10:49:13,335 - name_generator - INFO - 有效名字数量: 4332
2025-01-05 10:49:13,336 - name_generator - INFO - 无效名字数量: 9
2025-01-05 10:49:13,336 - name_generator - INFO - 部分无效名字示例:
2025-01-05 10:49:13,336 - name_generator - INFO -   - Chloë
2025-01-05 10:49:13,336 - name_generator - INFO -   - D'Arcy
2025-01-05 10:49:13,336 - name_generator - INFO -   - Esmé
2025-01-05 10:49:13,336 - name_generator - INFO -   - Esmée
2025-01-05 10:49:13,336 - name_generator - INFO -   - Jo-Anne
2025-01-05 10:49:13,336 - name_generator - INFO - 字符表大小: 28
2025-01-05 10:49:13,336 - name_generator - INFO - 
数据示例:
2025-01-05 10:49:13,336 - name_generator - INFO - 示例 1: everett
2025-01-05 10:49:13,336 - name_generator - INFO - 示例 2: joi
2025-01-05 10:49:13,336 - name_generator - INFO - 示例 3: bradford
2025-01-05 10:49:13,336 - name_generator - INFO - 示例 4: reene
2025-01-05 10:49:13,336 - name_generator - INFO - 示例 5: ridge
2025-01-05 10:49:13,336 - name_generator - INFO - 
创建模型...
2025-01-05 10:49:13,362 - name_generator - INFO - 
划分数据集...
2025-01-05 10:49:13,365 - name_generator - INFO - 训练集大小: 3465
2025-01-05 10:49:13,365 - name_generator - INFO - 验证集大小: 433
2025-01-05 10:49:13,365 - name_generator - INFO - 测试集大小: 434
2025-01-05 10:49:15,796 - name_generator - INFO - 初始化训练器 - 模型参数数量: 27164
2025-01-05 10:49:15,796 - name_generator - INFO - 开始训练...
2025-01-05 10:49:15,796 - name_generator - INFO - 训练集大小: 3465
2025-01-05 10:49:15,796 - name_generator - INFO - 验证集大小: 433
2025-01-05 10:49:15,797 - name_generator - INFO - 
Epoch 1/200
2025-01-05 10:49:18,935 - name_generator - INFO - 模型已保存到: results/20250105_104911/models/name_rnn.pth
2025-01-05 10:49:18,935 - name_generator - INFO - 保存最佳模型
2025-01-05 10:49:18,935 - name_generator - INFO - Epoch 1 - Train Loss: 3.1179, Train Acc: 0.0359, Val Loss: 2.7380, Val Acc: 0.0107
2025-01-05 10:49:18,936 - name_generator - INFO - 
Epoch 2/200
2025-01-05 10:49:20,271 - name_generator - INFO - 模型已保存到: results/20250105_104911/models/name_rnn.pth
2025-01-05 10:49:20,271 - name_generator - INFO - 保存最佳模型
2025-01-05 10:49:20,271 - name_generator - INFO - Epoch 2 - Train Loss: 2.5310, Train Acc: 0.0097, Val Loss: 2.5089, Val Acc: 0.0107
2025-01-05 10:49:20,271 - name_generator - INFO - 
Epoch 3/200
2025-01-05 10:49:21,618 - name_generator - INFO - 模型已保存到: results/20250105_104911/models/name_rnn.pth
2025-01-05 10:49:21,619 - name_generator - INFO - 保存最佳模型
2025-01-05 10:49:21,619 - name_generator - INFO - Epoch 3 - Train Loss: 2.3967, Train Acc: 0.0151, Val Loss: 2.4138, Val Acc: 0.0305
2025-01-05 10:49:21,619 - name_generator - INFO - 
Epoch 4/200
2025-01-05 10:49:22,900 - name_generator - INFO - 模型已保存到: results/20250105_104911/models/name_rnn.pth
2025-01-05 10:49:22,900 - name_generator - INFO - 保存最佳模型
2025-01-05 10:49:22,900 - name_generator - INFO - Epoch 4 - Train Loss: 2.3110, Train Acc: 0.0691, Val Loss: 2.3381, Val Acc: 0.0837
2025-01-05 10:49:22,900 - name_generator - INFO - 
Epoch 5/200
2025-01-05 10:49:24,162 - name_generator - INFO - 模型已保存到: results/20250105_104911/models/name_rnn.pth
2025-01-05 10:49:24,162 - name_generator - INFO - 保存最佳模型
2025-01-05 10:49:24,162 - name_generator - INFO - Epoch 5 - Train Loss: 2.2616, Train Acc: 0.1070, Val Loss: 2.2750, Val Acc: 0.1255
2025-01-05 10:49:24,162 - name_generator - INFO - 
Epoch 6/200
2025-01-05 10:49:25,442 - name_generator - INFO - 模型已保存到: results/20250105_104911/models/name_rnn.pth
2025-01-05 10:49:25,442 - name_generator - INFO - 保存最佳模型
2025-01-05 10:49:25,442 - name_generator - INFO - Epoch 6 - Train Loss: 2.2044, Train Acc: 0.1358, Val Loss: 2.2183, Val Acc: 0.1523
2025-01-05 10:49:25,442 - name_generator - INFO - 
Epoch 7/200
2025-01-05 10:49:26,723 - name_generator - INFO - 模型已保存到: results/20250105_104911/models/name_rnn.pth
2025-01-05 10:49:26,723 - name_generator - INFO - 保存最佳模型
2025-01-05 10:49:26,723 - name_generator - INFO - Epoch 7 - Train Loss: 2.1478, Train Acc: 0.1668, Val Loss: 2.1680, Val Acc: 0.1690
2025-01-05 10:49:26,723 - name_generator - INFO - 
Epoch 8/200
2025-01-05 10:49:28,017 - name_generator - INFO - 模型已保存到: results/20250105_104911/models/name_rnn.pth
2025-01-05 10:49:28,017 - name_generator - INFO - 保存最佳模型
2025-01-05 10:49:28,017 - name_generator - INFO - Epoch 8 - Train Loss: 2.1064, Train Acc: 0.1934, Val Loss: 2.1220, Val Acc: 0.2122
2025-01-05 10:49:28,017 - name_generator - INFO - 
Epoch 9/200
2025-01-05 10:49:29,283 - name_generator - INFO - 模型已保存到: results/20250105_104911/models/name_rnn.pth
2025-01-05 10:49:29,283 - name_generator - INFO - 保存最佳模型
2025-01-05 10:49:29,283 - name_generator - INFO - Epoch 9 - Train Loss: 2.0640, Train Acc: 0.2122, Val Loss: 2.0853, Val Acc: 0.2222
2025-01-05 10:49:29,283 - name_generator - INFO - 
Epoch 10/200
2025-01-05 10:49:30,545 - name_generator - INFO - 模型已保存到: results/20250105_104911/models/name_rnn.pth
2025-01-05 10:49:30,545 - name_generator - INFO - 保存最佳模型
2025-01-05 10:49:30,545 - name_generator - INFO - Epoch 10 - Train Loss: 2.0289, Train Acc: 0.2172, Val Loss: 2.0577, Val Acc: 0.2226
2025-01-05 10:49:30,546 - name_generator - INFO - 
Epoch 11/200
2025-01-05 10:49:31,840 - name_generator - INFO - 模型已保存到: results/20250105_104911/models/name_rnn.pth
2025-01-05 10:49:31,840 - name_generator - INFO - 保存最佳模型
2025-01-05 10:49:31,840 - name_generator - INFO - Epoch 11 - Train Loss: 1.9967, Train Acc: 0.2185, Val Loss: 2.0355, Val Acc: 0.2232
2025-01-05 10:49:31,840 - name_generator - INFO - 
Epoch 12/200
2025-01-05 10:49:33,124 - name_generator - INFO - 模型已保存到: results/20250105_104911/models/name_rnn.pth
2025-01-05 10:49:33,124 - name_generator - INFO - 保存最佳模型
2025-01-05 10:49:33,124 - name_generator - INFO - Epoch 12 - Train Loss: 1.9877, Train Acc: 0.2191, Val Loss: 2.0180, Val Acc: 0.2226
2025-01-05 10:49:33,124 - name_generator - INFO - 
Epoch 13/200
2025-01-05 10:49:34,413 - name_generator - INFO - 模型已保存到: results/20250105_104911/models/name_rnn.pth
2025-01-05 10:49:34,413 - name_generator - INFO - 保存最佳模型
2025-01-05 10:49:34,413 - name_generator - INFO - Epoch 13 - Train Loss: 1.9755, Train Acc: 0.2201, Val Loss: 2.0056, Val Acc: 0.2209
2025-01-05 10:49:34,413 - name_generator - INFO - 
Epoch 14/200
2025-01-05 10:49:35,698 - name_generator - INFO - 模型已保存到: results/20250105_104911/models/name_rnn.pth
2025-01-05 10:49:35,698 - name_generator - INFO - 保存最佳模型
2025-01-05 10:49:35,698 - name_generator - INFO - Epoch 14 - Train Loss: 1.9450, Train Acc: 0.2217, Val Loss: 1.9926, Val Acc: 0.2232
2025-01-05 10:49:35,698 - name_generator - INFO - 
Epoch 15/200
2025-01-05 10:49:36,977 - name_generator - INFO - 模型已保存到: results/20250105_104911/models/name_rnn.pth
2025-01-05 10:49:36,977 - name_generator - INFO - 保存最佳模型
2025-01-05 10:49:36,977 - name_generator - INFO - Epoch 15 - Train Loss: 1.9466, Train Acc: 0.2221, Val Loss: 1.9834, Val Acc: 0.2232
2025-01-05 10:49:36,978 - name_generator - INFO - 
Epoch 16/200
2025-01-05 10:49:38,253 - name_generator - INFO - 模型已保存到: results/20250105_104911/models/name_rnn.pth
2025-01-05 10:49:38,254 - name_generator - INFO - 保存最佳模型
2025-01-05 10:49:38,254 - name_generator - INFO - Epoch 16 - Train Loss: 1.9437, Train Acc: 0.2225, Val Loss: 1.9760, Val Acc: 0.2232
2025-01-05 10:49:38,254 - name_generator - INFO - 
Epoch 17/200
2025-01-05 10:49:39,541 - name_generator - INFO - 模型已保存到: results/20250105_104911/models/name_rnn.pth
2025-01-05 10:49:39,541 - name_generator - INFO - 保存最佳模型
2025-01-05 10:49:39,542 - name_generator - INFO - Epoch 17 - Train Loss: 1.9455, Train Acc: 0.2222, Val Loss: 1.9696, Val Acc: 0.2242
2025-01-05 10:49:39,542 - name_generator - INFO - 
Epoch 18/200
2025-01-05 10:49:40,825 - name_generator - INFO - 模型已保存到: results/20250105_104911/models/name_rnn.pth
2025-01-05 10:49:40,825 - name_generator - INFO - 保存最佳模型
2025-01-05 10:49:40,825 - name_generator - INFO - Epoch 18 - Train Loss: 1.9261, Train Acc: 0.2230, Val Loss: 1.9640, Val Acc: 0.2246
2025-01-05 10:49:40,825 - name_generator - INFO - 
Epoch 19/200
2025-01-05 10:49:42,186 - name_generator - INFO - 模型已保存到: results/20250105_104911/models/name_rnn.pth
2025-01-05 10:49:42,186 - name_generator - INFO - 保存最佳模型
2025-01-05 10:49:42,186 - name_generator - INFO - Epoch 19 - Train Loss: 1.9387, Train Acc: 0.2223, Val Loss: 1.9588, Val Acc: 0.2236
2025-01-05 10:49:42,186 - name_generator - INFO - 
Epoch 20/200
2025-01-05 10:49:43,531 - name_generator - INFO - 模型已保存到: results/20250105_104911/models/name_rnn.pth
2025-01-05 10:49:43,532 - name_generator - INFO - 保存最佳模型
2025-01-05 10:49:43,532 - name_generator - INFO - Epoch 20 - Train Loss: 1.9164, Train Acc: 0.2233, Val Loss: 1.9524, Val Acc: 0.2242
2025-01-05 10:49:43,532 - name_generator - INFO - 
Epoch 21/200
2025-01-05 10:49:44,875 - name_generator - INFO - 模型已保存到: results/20250105_104911/models/name_rnn.pth
2025-01-05 10:49:44,875 - name_generator - INFO - 保存最佳模型
2025-01-05 10:49:44,875 - name_generator - INFO - Epoch 21 - Train Loss: 1.9078, Train Acc: 0.2233, Val Loss: 1.9470, Val Acc: 0.2246
2025-01-05 10:49:44,875 - name_generator - INFO - 
Epoch 22/200
2025-01-05 10:49:46,232 - name_generator - INFO - 模型已保存到: results/20250105_104911/models/name_rnn.pth
2025-01-05 10:49:46,232 - name_generator - INFO - 保存最佳模型
2025-01-05 10:49:46,232 - name_generator - INFO - Epoch 22 - Train Loss: 1.9000, Train Acc: 0.2246, Val Loss: 1.9422, Val Acc: 0.2272
2025-01-05 10:49:46,232 - name_generator - INFO - 
Epoch 23/200
2025-01-05 10:49:47,588 - name_generator - INFO - 模型已保存到: results/20250105_104911/models/name_rnn.pth
2025-01-05 10:49:47,588 - name_generator - INFO - 保存最佳模型
2025-01-05 10:49:47,588 - name_generator - INFO - Epoch 23 - Train Loss: 1.8986, Train Acc: 0.2264, Val Loss: 1.9357, Val Acc: 0.2279
2025-01-05 10:49:47,589 - name_generator - INFO - 
Epoch 24/200
2025-01-05 10:49:48,929 - name_generator - INFO - 模型已保存到: results/20250105_104911/models/name_rnn.pth
2025-01-05 10:49:48,929 - name_generator - INFO - 保存最佳模型
2025-01-05 10:49:48,929 - name_generator - INFO - Epoch 24 - Train Loss: 1.8912, Train Acc: 0.2294, Val Loss: 1.9291, Val Acc: 0.2319
2025-01-05 10:49:48,929 - name_generator - INFO - 
Epoch 25/200
2025-01-05 10:49:50,295 - name_generator - INFO - 模型已保存到: results/20250105_104911/models/name_rnn.pth
2025-01-05 10:49:50,296 - name_generator - INFO - 保存最佳模型
2025-01-05 10:49:50,296 - name_generator - INFO - Epoch 25 - Train Loss: 1.8753, Train Acc: 0.2337, Val Loss: 1.9227, Val Acc: 0.2346
2025-01-05 10:49:50,296 - name_generator - INFO - 
Epoch 26/200
2025-01-05 10:49:51,665 - name_generator - INFO - 模型已保存到: results/20250105_104911/models/name_rnn.pth
2025-01-05 10:49:51,665 - name_generator - INFO - 保存最佳模型
2025-01-05 10:49:51,665 - name_generator - INFO - Epoch 26 - Train Loss: 1.8831, Train Acc: 0.2434, Val Loss: 1.9126, Val Acc: 0.2544
2025-01-05 10:49:51,666 - name_generator - INFO - 
Epoch 27/200
2025-01-05 10:49:53,050 - name_generator - INFO - 模型已保存到: results/20250105_104911/models/name_rnn.pth
2025-01-05 10:49:53,051 - name_generator - INFO - 保存最佳模型
2025-01-05 10:49:53,051 - name_generator - INFO - Epoch 27 - Train Loss: 1.8715, Train Acc: 0.2484, Val Loss: 1.9033, Val Acc: 0.2560
2025-01-05 10:49:53,051 - name_generator - INFO - 
Epoch 28/200
2025-01-05 10:49:54,444 - name_generator - INFO - 模型已保存到: results/20250105_104911/models/name_rnn.pth
2025-01-05 10:49:54,444 - name_generator - INFO - 保存最佳模型
2025-01-05 10:49:54,444 - name_generator - INFO - Epoch 28 - Train Loss: 1.8597, Train Acc: 0.2504, Val Loss: 1.8934, Val Acc: 0.2557
2025-01-05 10:49:54,444 - name_generator - INFO - 
Epoch 29/200
2025-01-05 10:49:55,850 - name_generator - INFO - 模型已保存到: results/20250105_104911/models/name_rnn.pth
2025-01-05 10:49:55,850 - name_generator - INFO - 保存最佳模型
2025-01-05 10:49:55,850 - name_generator - INFO - Epoch 29 - Train Loss: 1.8531, Train Acc: 0.2512, Val Loss: 1.8825, Val Acc: 0.2604
2025-01-05 10:49:55,850 - name_generator - INFO - 
Epoch 30/200
2025-01-05 10:49:57,220 - name_generator - INFO - 模型已保存到: results/20250105_104911/models/name_rnn.pth
2025-01-05 10:49:57,220 - name_generator - INFO - 保存最佳模型
2025-01-05 10:49:57,220 - name_generator - INFO - Epoch 30 - Train Loss: 1.8483, Train Acc: 0.2531, Val Loss: 1.8721, Val Acc: 0.2590
2025-01-05 10:49:57,220 - name_generator - INFO - 
Epoch 31/200
2025-01-05 10:49:58,607 - name_generator - INFO - 模型已保存到: results/20250105_104911/models/name_rnn.pth
2025-01-05 10:49:58,607 - name_generator - INFO - 保存最佳模型
2025-01-05 10:49:58,607 - name_generator - INFO - Epoch 31 - Train Loss: 1.8213, Train Acc: 0.2539, Val Loss: 1.8615, Val Acc: 0.2620
2025-01-05 10:49:58,607 - name_generator - INFO - 
Epoch 32/200
2025-01-05 10:49:59,997 - name_generator - INFO - 模型已保存到: results/20250105_104911/models/name_rnn.pth
2025-01-05 10:49:59,997 - name_generator - INFO - 保存最佳模型
2025-01-05 10:49:59,997 - name_generator - INFO - Epoch 32 - Train Loss: 1.8249, Train Acc: 0.2546, Val Loss: 1.8513, Val Acc: 0.2637
2025-01-05 10:49:59,997 - name_generator - INFO - 
Epoch 33/200
2025-01-05 10:50:01,394 - name_generator - INFO - 模型已保存到: results/20250105_104911/models/name_rnn.pth
2025-01-05 10:50:01,395 - name_generator - INFO - 保存最佳模型
2025-01-05 10:50:01,395 - name_generator - INFO - Epoch 33 - Train Loss: 1.8095, Train Acc: 0.2564, Val Loss: 1.8407, Val Acc: 0.2617
2025-01-05 10:50:01,395 - name_generator - INFO - 
Epoch 34/200
2025-01-05 10:50:02,783 - name_generator - INFO - 模型已保存到: results/20250105_104911/models/name_rnn.pth
2025-01-05 10:50:02,783 - name_generator - INFO - 保存最佳模型
2025-01-05 10:50:02,783 - name_generator - INFO - Epoch 34 - Train Loss: 1.8247, Train Acc: 0.2571, Val Loss: 1.8311, Val Acc: 0.2587
2025-01-05 10:50:02,783 - name_generator - INFO - 
Epoch 35/200
2025-01-05 10:50:04,163 - name_generator - INFO - 模型已保存到: results/20250105_104911/models/name_rnn.pth
2025-01-05 10:50:04,163 - name_generator - INFO - 保存最佳模型
2025-01-05 10:50:04,163 - name_generator - INFO - Epoch 35 - Train Loss: 1.7979, Train Acc: 0.2554, Val Loss: 1.8211, Val Acc: 0.2620
2025-01-05 10:50:04,163 - name_generator - INFO - 
Epoch 36/200
2025-01-05 10:50:05,552 - name_generator - INFO - 模型已保存到: results/20250105_104911/models/name_rnn.pth
2025-01-05 10:50:05,552 - name_generator - INFO - 保存最佳模型
2025-01-05 10:50:05,553 - name_generator - INFO - Epoch 36 - Train Loss: 1.7814, Train Acc: 0.2561, Val Loss: 1.8132, Val Acc: 0.2610
2025-01-05 10:50:05,553 - name_generator - INFO - 
Epoch 37/200
2025-01-05 10:50:06,940 - name_generator - INFO - 模型已保存到: results/20250105_104911/models/name_rnn.pth
2025-01-05 10:50:06,940 - name_generator - INFO - 保存最佳模型
2025-01-05 10:50:06,940 - name_generator - INFO - Epoch 37 - Train Loss: 1.7805, Train Acc: 0.2574, Val Loss: 1.8061, Val Acc: 0.2617
2025-01-05 10:50:06,940 - name_generator - INFO - 
Epoch 38/200
2025-01-05 10:50:08,348 - name_generator - INFO - 模型已保存到: results/20250105_104911/models/name_rnn.pth
2025-01-05 10:50:08,348 - name_generator - INFO - 保存最佳模型
2025-01-05 10:50:08,348 - name_generator - INFO - Epoch 38 - Train Loss: 1.7749, Train Acc: 0.2583, Val Loss: 1.7994, Val Acc: 0.2614
2025-01-05 10:50:08,348 - name_generator - INFO - 
Epoch 39/200
2025-01-05 10:50:09,724 - name_generator - INFO - 模型已保存到: results/20250105_104911/models/name_rnn.pth
2025-01-05 10:50:09,724 - name_generator - INFO - 保存最佳模型
2025-01-05 10:50:09,724 - name_generator - INFO - Epoch 39 - Train Loss: 1.7720, Train Acc: 0.2584, Val Loss: 1.7957, Val Acc: 0.2627
2025-01-05 10:50:09,724 - name_generator - INFO - 
Epoch 40/200
2025-01-05 10:50:11,101 - name_generator - INFO - 模型已保存到: results/20250105_104911/models/name_rnn.pth
2025-01-05 10:50:11,101 - name_generator - INFO - 保存最佳模型
2025-01-05 10:50:11,101 - name_generator - INFO - Epoch 40 - Train Loss: 1.7671, Train Acc: 0.2574, Val Loss: 1.7902, Val Acc: 0.2607
2025-01-05 10:50:11,101 - name_generator - INFO - 
Epoch 41/200
2025-01-05 10:50:12,491 - name_generator - INFO - 模型已保存到: results/20250105_104911/models/name_rnn.pth
2025-01-05 10:50:12,491 - name_generator - INFO - 保存最佳模型
2025-01-05 10:50:12,492 - name_generator - INFO - Epoch 41 - Train Loss: 1.7586, Train Acc: 0.2588, Val Loss: 1.7855, Val Acc: 0.2600
2025-01-05 10:50:12,492 - name_generator - INFO - 
Epoch 42/200
2025-01-05 10:50:13,850 - name_generator - INFO - 模型已保存到: results/20250105_104911/models/name_rnn.pth
2025-01-05 10:50:13,850 - name_generator - INFO - 保存最佳模型
2025-01-05 10:50:13,850 - name_generator - INFO - Epoch 42 - Train Loss: 1.7566, Train Acc: 0.2583, Val Loss: 1.7811, Val Acc: 0.2604
2025-01-05 10:50:13,850 - name_generator - INFO - 
Epoch 43/200
2025-01-05 10:50:15,127 - name_generator - INFO - 模型已保存到: results/20250105_104911/models/name_rnn.pth
2025-01-05 10:50:15,127 - name_generator - INFO - 保存最佳模型
2025-01-05 10:50:15,127 - name_generator - INFO - Epoch 43 - Train Loss: 1.7404, Train Acc: 0.2584, Val Loss: 1.7776, Val Acc: 0.2620
2025-01-05 10:50:15,127 - name_generator - INFO - 
Epoch 44/200
2025-01-05 10:50:16,403 - name_generator - INFO - 模型已保存到: results/20250105_104911/models/name_rnn.pth
2025-01-05 10:50:16,403 - name_generator - INFO - 保存最佳模型
2025-01-05 10:50:16,403 - name_generator - INFO - Epoch 44 - Train Loss: 1.7446, Train Acc: 0.2609, Val Loss: 1.7749, Val Acc: 0.2634
2025-01-05 10:50:16,403 - name_generator - INFO - 
Epoch 45/200
2025-01-05 10:50:17,667 - name_generator - INFO - 模型已保存到: results/20250105_104911/models/name_rnn.pth
2025-01-05 10:50:17,667 - name_generator - INFO - 保存最佳模型
2025-01-05 10:50:17,667 - name_generator - INFO - Epoch 45 - Train Loss: 1.7376, Train Acc: 0.2601, Val Loss: 1.7708, Val Acc: 0.2641
2025-01-05 10:50:17,667 - name_generator - INFO - 
Epoch 46/200
2025-01-05 10:50:18,935 - name_generator - INFO - 模型已保存到: results/20250105_104911/models/name_rnn.pth
2025-01-05 10:50:18,935 - name_generator - INFO - 保存最佳模型
2025-01-05 10:50:18,935 - name_generator - INFO - Epoch 46 - Train Loss: 1.7359, Train Acc: 0.2619, Val Loss: 1.7678, Val Acc: 0.2644
2025-01-05 10:50:18,935 - name_generator - INFO - 
Epoch 47/200
2025-01-05 10:50:20,210 - name_generator - INFO - 模型已保存到: results/20250105_104911/models/name_rnn.pth
2025-01-05 10:50:20,210 - name_generator - INFO - 保存最佳模型
2025-01-05 10:50:20,210 - name_generator - INFO - Epoch 47 - Train Loss: 1.7276, Train Acc: 0.2627, Val Loss: 1.7646, Val Acc: 0.2667
2025-01-05 10:50:20,210 - name_generator - INFO - 
Epoch 48/200
2025-01-05 10:50:21,477 - name_generator - INFO - 模型已保存到: results/20250105_104911/models/name_rnn.pth
2025-01-05 10:50:21,477 - name_generator - INFO - 保存最佳模型
2025-01-05 10:50:21,477 - name_generator - INFO - Epoch 48 - Train Loss: 1.7236, Train Acc: 0.2636, Val Loss: 1.7621, Val Acc: 0.2657
2025-01-05 10:50:21,477 - name_generator - INFO - 
Epoch 49/200
2025-01-05 10:50:22,746 - name_generator - INFO - 模型已保存到: results/20250105_104911/models/name_rnn.pth
2025-01-05 10:50:22,746 - name_generator - INFO - 保存最佳模型
2025-01-05 10:50:22,746 - name_generator - INFO - Epoch 49 - Train Loss: 1.7252, Train Acc: 0.2645, Val Loss: 1.7596, Val Acc: 0.2651
2025-01-05 10:50:22,746 - name_generator - INFO - 
Epoch 50/200
2025-01-05 10:50:24,038 - name_generator - INFO - 模型已保存到: results/20250105_104911/models/name_rnn.pth
2025-01-05 10:50:24,038 - name_generator - INFO - 保存最佳模型
2025-01-05 10:50:24,038 - name_generator - INFO - Epoch 50 - Train Loss: 1.7263, Train Acc: 0.2654, Val Loss: 1.7578, Val Acc: 0.2657
2025-01-05 10:50:24,038 - name_generator - INFO - 
Epoch 51/200
2025-01-05 10:50:25,305 - name_generator - INFO - 模型已保存到: results/20250105_104911/models/name_rnn.pth
2025-01-05 10:50:25,305 - name_generator - INFO - 保存最佳模型
2025-01-05 10:50:25,305 - name_generator - INFO - Epoch 51 - Train Loss: 1.7211, Train Acc: 0.2653, Val Loss: 1.7556, Val Acc: 0.2674
2025-01-05 10:50:25,305 - name_generator - INFO - 
Epoch 52/200
2025-01-05 10:50:26,569 - name_generator - INFO - 模型已保存到: results/20250105_104911/models/name_rnn.pth
2025-01-05 10:50:26,570 - name_generator - INFO - 保存最佳模型
2025-01-05 10:50:26,570 - name_generator - INFO - Epoch 52 - Train Loss: 1.7224, Train Acc: 0.2663, Val Loss: 1.7522, Val Acc: 0.2671
2025-01-05 10:50:26,570 - name_generator - INFO - 
Epoch 53/200
2025-01-05 10:50:27,848 - name_generator - INFO - 模型已保存到: results/20250105_104911/models/name_rnn.pth
2025-01-05 10:50:27,848 - name_generator - INFO - 保存最佳模型
2025-01-05 10:50:27,849 - name_generator - INFO - Epoch 53 - Train Loss: 1.7161, Train Acc: 0.2670, Val Loss: 1.7504, Val Acc: 0.2667
2025-01-05 10:50:27,849 - name_generator - INFO - 
Epoch 54/200
2025-01-05 10:50:29,241 - name_generator - INFO - 模型已保存到: results/20250105_104911/models/name_rnn.pth
2025-01-05 10:50:29,241 - name_generator - INFO - 保存最佳模型
2025-01-05 10:50:29,242 - name_generator - INFO - Epoch 54 - Train Loss: 1.7127, Train Acc: 0.2672, Val Loss: 1.7481, Val Acc: 0.2694
2025-01-05 10:50:29,242 - name_generator - INFO - 
Epoch 55/200
2025-01-05 10:50:30,649 - name_generator - INFO - 模型已保存到: results/20250105_104911/models/name_rnn.pth
2025-01-05 10:50:30,649 - name_generator - INFO - 保存最佳模型
2025-01-05 10:50:30,649 - name_generator - INFO - Epoch 55 - Train Loss: 1.7053, Train Acc: 0.2703, Val Loss: 1.7462, Val Acc: 0.2701
2025-01-05 10:50:30,649 - name_generator - INFO - 
Epoch 56/200
2025-01-05 10:50:32,020 - name_generator - INFO - 模型已保存到: results/20250105_104911/models/name_rnn.pth
2025-01-05 10:50:32,020 - name_generator - INFO - 保存最佳模型
2025-01-05 10:50:32,020 - name_generator - INFO - Epoch 56 - Train Loss: 1.7158, Train Acc: 0.2699, Val Loss: 1.7446, Val Acc: 0.2714
2025-01-05 10:50:32,020 - name_generator - INFO - 
Epoch 57/200
2025-01-05 10:50:33,398 - name_generator - INFO - 模型已保存到: results/20250105_104911/models/name_rnn.pth
2025-01-05 10:50:33,398 - name_generator - INFO - 保存最佳模型
2025-01-05 10:50:33,398 - name_generator - INFO - Epoch 57 - Train Loss: 1.7021, Train Acc: 0.2716, Val Loss: 1.7431, Val Acc: 0.2691
2025-01-05 10:50:33,398 - name_generator - INFO - 
Epoch 58/200
2025-01-05 10:50:34,787 - name_generator - INFO - 模型已保存到: results/20250105_104911/models/name_rnn.pth
2025-01-05 10:50:34,787 - name_generator - INFO - 保存最佳模型
2025-01-05 10:50:34,787 - name_generator - INFO - Epoch 58 - Train Loss: 1.6985, Train Acc: 0.2704, Val Loss: 1.7413, Val Acc: 0.2704
2025-01-05 10:50:34,787 - name_generator - INFO - 
Epoch 59/200
2025-01-05 10:50:36,173 - name_generator - INFO - 模型已保存到: results/20250105_104911/models/name_rnn.pth
2025-01-05 10:50:36,173 - name_generator - INFO - 保存最佳模型
2025-01-05 10:50:36,173 - name_generator - INFO - Epoch 59 - Train Loss: 1.7009, Train Acc: 0.2725, Val Loss: 1.7407, Val Acc: 0.2754
2025-01-05 10:50:36,173 - name_generator - INFO - 
Epoch 60/200
2025-01-05 10:50:37,574 - name_generator - INFO - 模型已保存到: results/20250105_104911/models/name_rnn.pth
2025-01-05 10:50:37,574 - name_generator - INFO - 保存最佳模型
2025-01-05 10:50:37,574 - name_generator - INFO - Epoch 60 - Train Loss: 1.7030, Train Acc: 0.2735, Val Loss: 1.7375, Val Acc: 0.2764
2025-01-05 10:50:37,574 - name_generator - INFO - 
Epoch 61/200
2025-01-05 10:50:38,956 - name_generator - INFO - 模型已保存到: results/20250105_104911/models/name_rnn.pth
2025-01-05 10:50:38,956 - name_generator - INFO - 保存最佳模型
2025-01-05 10:50:38,956 - name_generator - INFO - Epoch 61 - Train Loss: 1.7007, Train Acc: 0.2742, Val Loss: 1.7367, Val Acc: 0.2768
2025-01-05 10:50:38,956 - name_generator - INFO - 
Epoch 62/200
2025-01-05 10:50:40,340 - name_generator - INFO - 模型已保存到: results/20250105_104911/models/name_rnn.pth
2025-01-05 10:50:40,340 - name_generator - INFO - 保存最佳模型
2025-01-05 10:50:40,340 - name_generator - INFO - Epoch 62 - Train Loss: 1.7012, Train Acc: 0.2747, Val Loss: 1.7346, Val Acc: 0.2774
2025-01-05 10:50:40,340 - name_generator - INFO - 
Epoch 63/200
2025-01-05 10:50:41,731 - name_generator - INFO - 模型已保存到: results/20250105_104911/models/name_rnn.pth
2025-01-05 10:50:41,732 - name_generator - INFO - 保存最佳模型
2025-01-05 10:50:41,732 - name_generator - INFO - Epoch 63 - Train Loss: 1.6904, Train Acc: 0.2755, Val Loss: 1.7341, Val Acc: 0.2741
2025-01-05 10:50:41,732 - name_generator - INFO - 
Epoch 64/200
2025-01-05 10:50:43,118 - name_generator - INFO - 模型已保存到: results/20250105_104911/models/name_rnn.pth
2025-01-05 10:50:43,118 - name_generator - INFO - 保存最佳模型
2025-01-05 10:50:43,118 - name_generator - INFO - Epoch 64 - Train Loss: 1.6893, Train Acc: 0.2764, Val Loss: 1.7336, Val Acc: 0.2754
2025-01-05 10:50:43,118 - name_generator - INFO - 
Epoch 65/200
2025-01-05 10:50:44,427 - name_generator - INFO - 模型已保存到: results/20250105_104911/models/name_rnn.pth
2025-01-05 10:50:44,427 - name_generator - INFO - 保存最佳模型
2025-01-05 10:50:44,427 - name_generator - INFO - Epoch 65 - Train Loss: 1.6968, Train Acc: 0.2762, Val Loss: 1.7314, Val Acc: 0.2788
2025-01-05 10:50:44,427 - name_generator - INFO - 
Epoch 66/200
2025-01-05 10:50:45,694 - name_generator - INFO - 模型已保存到: results/20250105_104911/models/name_rnn.pth
2025-01-05 10:50:45,694 - name_generator - INFO - 保存最佳模型
2025-01-05 10:50:45,694 - name_generator - INFO - Epoch 66 - Train Loss: 1.6938, Train Acc: 0.2786, Val Loss: 1.7299, Val Acc: 0.2798
2025-01-05 10:50:45,694 - name_generator - INFO - 
Epoch 67/200
2025-01-05 10:50:46,959 - name_generator - INFO - 模型已保存到: results/20250105_104911/models/name_rnn.pth
2025-01-05 10:50:46,959 - name_generator - INFO - 保存最佳模型
2025-01-05 10:50:46,959 - name_generator - INFO - Epoch 67 - Train Loss: 1.6976, Train Acc: 0.2780, Val Loss: 1.7291, Val Acc: 0.2805
2025-01-05 10:50:46,959 - name_generator - INFO - 
Epoch 68/200
2025-01-05 10:50:48,233 - name_generator - INFO - 模型已保存到: results/20250105_104911/models/name_rnn.pth
2025-01-05 10:50:48,233 - name_generator - INFO - 保存最佳模型
2025-01-05 10:50:48,233 - name_generator - INFO - Epoch 68 - Train Loss: 1.6921, Train Acc: 0.2790, Val Loss: 1.7277, Val Acc: 0.2761
2025-01-05 10:50:48,233 - name_generator - INFO - 
Epoch 69/200
2025-01-05 10:50:49,504 - name_generator - INFO - 模型已保存到: results/20250105_104911/models/name_rnn.pth
2025-01-05 10:50:49,504 - name_generator - INFO - 保存最佳模型
2025-01-05 10:50:49,504 - name_generator - INFO - Epoch 69 - Train Loss: 1.6848, Train Acc: 0.2795, Val Loss: 1.7275, Val Acc: 0.2781
2025-01-05 10:50:49,504 - name_generator - INFO - 
Epoch 70/200
2025-01-05 10:50:50,785 - name_generator - INFO - Epoch 70 - Train Loss: 1.6767, Train Acc: 0.2792, Val Loss: 1.7284, Val Acc: 0.2798
2025-01-05 10:50:50,785 - name_generator - INFO - 
Epoch 71/200
2025-01-05 10:50:52,045 - name_generator - INFO - Epoch 71 - Train Loss: 1.6800, Train Acc: 0.2803, Val Loss: 1.7277, Val Acc: 0.2801
2025-01-05 10:50:52,045 - name_generator - INFO - 
Epoch 72/200
2025-01-05 10:50:53,309 - name_generator - INFO - 模型已保存到: results/20250105_104911/models/name_rnn.pth
2025-01-05 10:50:53,310 - name_generator - INFO - 保存最佳模型
2025-01-05 10:50:53,310 - name_generator - INFO - Epoch 72 - Train Loss: 1.6813, Train Acc: 0.2804, Val Loss: 1.7248, Val Acc: 0.2791
2025-01-05 10:50:53,310 - name_generator - INFO - 
Epoch 73/200
2025-01-05 10:50:54,585 - name_generator - INFO - 模型已保存到: results/20250105_104911/models/name_rnn.pth
2025-01-05 10:50:54,585 - name_generator - INFO - 保存最佳模型
2025-01-05 10:50:54,586 - name_generator - INFO - Epoch 73 - Train Loss: 1.6786, Train Acc: 0.2810, Val Loss: 1.7236, Val Acc: 0.2808
2025-01-05 10:50:54,586 - name_generator - INFO - 
Epoch 74/200
2025-01-05 10:50:55,856 - name_generator - INFO - 模型已保存到: results/20250105_104911/models/name_rnn.pth
2025-01-05 10:50:55,856 - name_generator - INFO - 保存最佳模型
2025-01-05 10:50:55,856 - name_generator - INFO - Epoch 74 - Train Loss: 1.6804, Train Acc: 0.2814, Val Loss: 1.7222, Val Acc: 0.2845
2025-01-05 10:50:55,856 - name_generator - INFO - 
Epoch 75/200
2025-01-05 10:50:57,128 - name_generator - INFO - 模型已保存到: results/20250105_104911/models/name_rnn.pth
2025-01-05 10:50:57,128 - name_generator - INFO - 保存最佳模型
2025-01-05 10:50:57,128 - name_generator - INFO - Epoch 75 - Train Loss: 1.6684, Train Acc: 0.2828, Val Loss: 1.7215, Val Acc: 0.2781
2025-01-05 10:50:57,128 - name_generator - INFO - 
Epoch 76/200
2025-01-05 10:50:58,416 - name_generator - INFO - 模型已保存到: results/20250105_104911/models/name_rnn.pth
2025-01-05 10:50:58,417 - name_generator - INFO - 保存最佳模型
2025-01-05 10:50:58,417 - name_generator - INFO - Epoch 76 - Train Loss: 1.6737, Train Acc: 0.2820, Val Loss: 1.7206, Val Acc: 0.2805
2025-01-05 10:50:58,417 - name_generator - INFO - 
Epoch 77/200
2025-01-05 10:50:59,679 - name_generator - INFO - 模型已保存到: results/20250105_104911/models/name_rnn.pth
2025-01-05 10:50:59,679 - name_generator - INFO - 保存最佳模型
2025-01-05 10:50:59,679 - name_generator - INFO - Epoch 77 - Train Loss: 1.6682, Train Acc: 0.2824, Val Loss: 1.7198, Val Acc: 0.2811
2025-01-05 10:50:59,679 - name_generator - INFO - 
Epoch 78/200
2025-01-05 10:51:00,948 - name_generator - INFO - 模型已保存到: results/20250105_104911/models/name_rnn.pth
2025-01-05 10:51:00,948 - name_generator - INFO - 保存最佳模型
2025-01-05 10:51:00,948 - name_generator - INFO - Epoch 78 - Train Loss: 1.6751, Train Acc: 0.2831, Val Loss: 1.7194, Val Acc: 0.2798
2025-01-05 10:51:00,948 - name_generator - INFO - 
Epoch 79/200
2025-01-05 10:51:02,220 - name_generator - INFO - 模型已保存到: results/20250105_104911/models/name_rnn.pth
2025-01-05 10:51:02,220 - name_generator - INFO - 保存最佳模型
2025-01-05 10:51:02,220 - name_generator - INFO - Epoch 79 - Train Loss: 1.6657, Train Acc: 0.2827, Val Loss: 1.7172, Val Acc: 0.2791
2025-01-05 10:51:02,220 - name_generator - INFO - 
Epoch 80/200
2025-01-05 10:51:03,482 - name_generator - INFO - Epoch 80 - Train Loss: 1.6687, Train Acc: 0.2843, Val Loss: 1.7174, Val Acc: 0.2818
2025-01-05 10:51:03,483 - name_generator - INFO - 
Epoch 81/200
2025-01-05 10:51:04,749 - name_generator - INFO - 模型已保存到: results/20250105_104911/models/name_rnn.pth
2025-01-05 10:51:04,750 - name_generator - INFO - 保存最佳模型
2025-01-05 10:51:04,750 - name_generator - INFO - Epoch 81 - Train Loss: 1.6643, Train Acc: 0.2840, Val Loss: 1.7163, Val Acc: 0.2805
2025-01-05 10:51:04,750 - name_generator - INFO - 
Epoch 82/200
2025-01-05 10:51:06,042 - name_generator - INFO - 模型已保存到: results/20250105_104911/models/name_rnn.pth
2025-01-05 10:51:06,043 - name_generator - INFO - 保存最佳模型
2025-01-05 10:51:06,043 - name_generator - INFO - Epoch 82 - Train Loss: 1.6692, Train Acc: 0.2841, Val Loss: 1.7156, Val Acc: 0.2815
2025-01-05 10:51:06,043 - name_generator - INFO - 
Epoch 83/200
2025-01-05 10:51:07,308 - name_generator - INFO - 模型已保存到: results/20250105_104911/models/name_rnn.pth
2025-01-05 10:51:07,308 - name_generator - INFO - 保存最佳模型
2025-01-05 10:51:07,309 - name_generator - INFO - Epoch 83 - Train Loss: 1.6637, Train Acc: 0.2856, Val Loss: 1.7148, Val Acc: 0.2801
2025-01-05 10:51:07,309 - name_generator - INFO - 
Epoch 84/200
2025-01-05 10:51:08,574 - name_generator - INFO - 模型已保存到: results/20250105_104911/models/name_rnn.pth
2025-01-05 10:51:08,574 - name_generator - INFO - 保存最佳模型
2025-01-05 10:51:08,574 - name_generator - INFO - Epoch 84 - Train Loss: 1.6768, Train Acc: 0.2848, Val Loss: 1.7133, Val Acc: 0.2831
2025-01-05 10:51:08,574 - name_generator - INFO - 
Epoch 85/200
2025-01-05 10:51:09,840 - name_generator - INFO - Epoch 85 - Train Loss: 1.6596, Train Acc: 0.2860, Val Loss: 1.7133, Val Acc: 0.2821
2025-01-05 10:51:09,840 - name_generator - INFO - 
Epoch 86/200
2025-01-05 10:51:11,107 - name_generator - INFO - 模型已保存到: results/20250105_104911/models/name_rnn.pth
2025-01-05 10:51:11,107 - name_generator - INFO - 保存最佳模型
2025-01-05 10:51:11,107 - name_generator - INFO - Epoch 86 - Train Loss: 1.6640, Train Acc: 0.2869, Val Loss: 1.7102, Val Acc: 0.2865
2025-01-05 10:51:11,107 - name_generator - INFO - 
Epoch 87/200
2025-01-05 10:51:12,381 - name_generator - INFO - 模型已保存到: results/20250105_104911/models/name_rnn.pth
2025-01-05 10:51:12,381 - name_generator - INFO - 保存最佳模型
2025-01-05 10:51:12,381 - name_generator - INFO - Epoch 87 - Train Loss: 1.6567, Train Acc: 0.2872, Val Loss: 1.7089, Val Acc: 0.2838
2025-01-05 10:51:12,381 - name_generator - INFO - 
Epoch 88/200
2025-01-05 10:51:13,665 - name_generator - INFO - 模型已保存到: results/20250105_104911/models/name_rnn.pth
2025-01-05 10:51:13,665 - name_generator - INFO - 保存最佳模型
2025-01-05 10:51:13,665 - name_generator - INFO - Epoch 88 - Train Loss: 1.6581, Train Acc: 0.2884, Val Loss: 1.7075, Val Acc: 0.2831
2025-01-05 10:51:13,665 - name_generator - INFO - 
Epoch 89/200
2025-01-05 10:51:14,971 - name_generator - INFO - 模型已保存到: results/20250105_104911/models/name_rnn.pth
2025-01-05 10:51:14,971 - name_generator - INFO - 保存最佳模型
2025-01-05 10:51:14,971 - name_generator - INFO - Epoch 89 - Train Loss: 1.6529, Train Acc: 0.2883, Val Loss: 1.7065, Val Acc: 0.2855
2025-01-05 10:51:14,971 - name_generator - INFO - 
Epoch 90/200
2025-01-05 10:51:16,249 - name_generator - INFO - 模型已保存到: results/20250105_104911/models/name_rnn.pth
2025-01-05 10:51:16,249 - name_generator - INFO - 保存最佳模型
2025-01-05 10:51:16,249 - name_generator - INFO - Epoch 90 - Train Loss: 1.6597, Train Acc: 0.2879, Val Loss: 1.7052, Val Acc: 0.2845
2025-01-05 10:51:16,249 - name_generator - INFO - 
Epoch 91/200
2025-01-05 10:51:17,531 - name_generator - INFO - 模型已保存到: results/20250105_104911/models/name_rnn.pth
2025-01-05 10:51:17,531 - name_generator - INFO - 保存最佳模型
2025-01-05 10:51:17,531 - name_generator - INFO - Epoch 91 - Train Loss: 1.6519, Train Acc: 0.2891, Val Loss: 1.7037, Val Acc: 0.2788
2025-01-05 10:51:17,531 - name_generator - INFO - 
Epoch 92/200
2025-01-05 10:51:18,819 - name_generator - INFO - 模型已保存到: results/20250105_104911/models/name_rnn.pth
2025-01-05 10:51:18,819 - name_generator - INFO - 保存最佳模型
2025-01-05 10:51:18,819 - name_generator - INFO - Epoch 92 - Train Loss: 1.6455, Train Acc: 0.2895, Val Loss: 1.7023, Val Acc: 0.2888
2025-01-05 10:51:18,819 - name_generator - INFO - 
Epoch 93/200
2025-01-05 10:51:20,100 - name_generator - INFO - Epoch 93 - Train Loss: 1.6583, Train Acc: 0.2902, Val Loss: 1.7036, Val Acc: 0.2871
2025-01-05 10:51:20,100 - name_generator - INFO - 
Epoch 94/200
2025-01-05 10:51:21,390 - name_generator - INFO - 模型已保存到: results/20250105_104911/models/name_rnn.pth
2025-01-05 10:51:21,390 - name_generator - INFO - 保存最佳模型
2025-01-05 10:51:21,390 - name_generator - INFO - Epoch 94 - Train Loss: 1.6473, Train Acc: 0.2913, Val Loss: 1.7007, Val Acc: 0.2902
2025-01-05 10:51:21,390 - name_generator - INFO - 
Epoch 95/200
2025-01-05 10:51:22,671 - name_generator - INFO - 模型已保存到: results/20250105_104911/models/name_rnn.pth
2025-01-05 10:51:22,671 - name_generator - INFO - 保存最佳模型
2025-01-05 10:51:22,671 - name_generator - INFO - Epoch 95 - Train Loss: 1.6357, Train Acc: 0.2912, Val Loss: 1.6993, Val Acc: 0.2865
2025-01-05 10:51:22,671 - name_generator - INFO - 
Epoch 96/200
2025-01-05 10:51:23,965 - name_generator - INFO - 模型已保存到: results/20250105_104911/models/name_rnn.pth
2025-01-05 10:51:23,965 - name_generator - INFO - 保存最佳模型
2025-01-05 10:51:23,965 - name_generator - INFO - Epoch 96 - Train Loss: 1.6540, Train Acc: 0.2905, Val Loss: 1.6988, Val Acc: 0.2902
2025-01-05 10:51:23,965 - name_generator - INFO - 
Epoch 97/200
2025-01-05 10:51:25,261 - name_generator - INFO - 模型已保存到: results/20250105_104911/models/name_rnn.pth
2025-01-05 10:51:25,261 - name_generator - INFO - 保存最佳模型
2025-01-05 10:51:25,261 - name_generator - INFO - Epoch 97 - Train Loss: 1.6535, Train Acc: 0.2928, Val Loss: 1.6971, Val Acc: 0.2871
2025-01-05 10:51:25,262 - name_generator - INFO - 
Epoch 98/200
2025-01-05 10:51:26,539 - name_generator - INFO - Epoch 98 - Train Loss: 1.6447, Train Acc: 0.2942, Val Loss: 1.6974, Val Acc: 0.2888
2025-01-05 10:51:26,539 - name_generator - INFO - 
Epoch 99/200
2025-01-05 10:51:27,824 - name_generator - INFO - 模型已保存到: results/20250105_104911/models/name_rnn.pth
2025-01-05 10:51:27,824 - name_generator - INFO - 保存最佳模型
2025-01-05 10:51:27,824 - name_generator - INFO - Epoch 99 - Train Loss: 1.6400, Train Acc: 0.2930, Val Loss: 1.6970, Val Acc: 0.2928
2025-01-05 10:51:27,824 - name_generator - INFO - 
Epoch 100/200
2025-01-05 10:51:29,176 - name_generator - INFO - 模型已保存到: results/20250105_104911/models/name_rnn.pth
2025-01-05 10:51:29,176 - name_generator - INFO - 保存最佳模型
2025-01-05 10:51:29,176 - name_generator - INFO - Epoch 100 - Train Loss: 1.6487, Train Acc: 0.2943, Val Loss: 1.6937, Val Acc: 0.2925
2025-01-05 10:51:29,176 - name_generator - INFO - 
Epoch 101/200
2025-01-05 10:51:30,574 - name_generator - INFO - 模型已保存到: results/20250105_104911/models/name_rnn.pth
2025-01-05 10:51:30,574 - name_generator - INFO - 保存最佳模型
2025-01-05 10:51:30,574 - name_generator - INFO - Epoch 101 - Train Loss: 1.6373, Train Acc: 0.2953, Val Loss: 1.6918, Val Acc: 0.2851
2025-01-05 10:51:30,574 - name_generator - INFO - 
Epoch 102/200
2025-01-05 10:51:31,871 - name_generator - INFO - Epoch 102 - Train Loss: 1.6391, Train Acc: 0.2954, Val Loss: 1.6919, Val Acc: 0.2938
2025-01-05 10:51:31,871 - name_generator - INFO - 
Epoch 103/200
2025-01-05 10:51:33,142 - name_generator - INFO - 模型已保存到: results/20250105_104911/models/name_rnn.pth
2025-01-05 10:51:33,142 - name_generator - INFO - 保存最佳模型
2025-01-05 10:51:33,142 - name_generator - INFO - Epoch 103 - Train Loss: 1.6352, Train Acc: 0.2969, Val Loss: 1.6906, Val Acc: 0.2925
2025-01-05 10:51:33,142 - name_generator - INFO - 
Epoch 104/200
2025-01-05 10:51:34,411 - name_generator - INFO - 模型已保存到: results/20250105_104911/models/name_rnn.pth
2025-01-05 10:51:34,411 - name_generator - INFO - 保存最佳模型
2025-01-05 10:51:34,411 - name_generator - INFO - Epoch 104 - Train Loss: 1.6199, Train Acc: 0.2954, Val Loss: 1.6902, Val Acc: 0.2942
2025-01-05 10:51:34,411 - name_generator - INFO - 
Epoch 105/200
2025-01-05 10:51:35,705 - name_generator - INFO - 模型已保存到: results/20250105_104911/models/name_rnn.pth
2025-01-05 10:51:35,705 - name_generator - INFO - 保存最佳模型
2025-01-05 10:51:35,705 - name_generator - INFO - Epoch 105 - Train Loss: 1.6308, Train Acc: 0.2980, Val Loss: 1.6890, Val Acc: 0.2948
2025-01-05 10:51:35,705 - name_generator - INFO - 
Epoch 106/200
2025-01-05 10:51:36,989 - name_generator - INFO - Epoch 106 - Train Loss: 1.6300, Train Acc: 0.2998, Val Loss: 1.6893, Val Acc: 0.2938
2025-01-05 10:51:36,989 - name_generator - INFO - 
Epoch 107/200
2025-01-05 10:51:38,291 - name_generator - INFO - 模型已保存到: results/20250105_104911/models/name_rnn.pth
2025-01-05 10:51:38,291 - name_generator - INFO - 保存最佳模型
2025-01-05 10:51:38,291 - name_generator - INFO - Epoch 107 - Train Loss: 1.6367, Train Acc: 0.2990, Val Loss: 1.6867, Val Acc: 0.2965
2025-01-05 10:51:38,291 - name_generator - INFO - 
Epoch 108/200
2025-01-05 10:51:39,606 - name_generator - INFO - 模型已保存到: results/20250105_104911/models/name_rnn.pth
2025-01-05 10:51:39,606 - name_generator - INFO - 保存最佳模型
2025-01-05 10:51:39,606 - name_generator - INFO - Epoch 108 - Train Loss: 1.6382, Train Acc: 0.2985, Val Loss: 1.6857, Val Acc: 0.3032
2025-01-05 10:51:39,606 - name_generator - INFO - 
Epoch 109/200
2025-01-05 10:51:40,895 - name_generator - INFO - Epoch 109 - Train Loss: 1.6235, Train Acc: 0.3001, Val Loss: 1.6867, Val Acc: 0.2959
2025-01-05 10:51:40,895 - name_generator - INFO - 
Epoch 110/200
2025-01-05 10:51:42,188 - name_generator - INFO - 模型已保存到: results/20250105_104911/models/name_rnn.pth
2025-01-05 10:51:42,188 - name_generator - INFO - 保存最佳模型
2025-01-05 10:51:42,188 - name_generator - INFO - Epoch 110 - Train Loss: 1.6192, Train Acc: 0.3011, Val Loss: 1.6840, Val Acc: 0.2972
2025-01-05 10:51:42,188 - name_generator - INFO - 
Epoch 111/200
2025-01-05 10:51:43,476 - name_generator - INFO - 模型已保存到: results/20250105_104911/models/name_rnn.pth
2025-01-05 10:51:43,477 - name_generator - INFO - 保存最佳模型
2025-01-05 10:51:43,477 - name_generator - INFO - Epoch 111 - Train Loss: 1.6093, Train Acc: 0.3006, Val Loss: 1.6833, Val Acc: 0.3002
2025-01-05 10:51:43,477 - name_generator - INFO - 
Epoch 112/200
2025-01-05 10:51:44,779 - name_generator - INFO - Epoch 112 - Train Loss: 1.6158, Train Acc: 0.3007, Val Loss: 1.6838, Val Acc: 0.2995
2025-01-05 10:51:44,779 - name_generator - INFO - 
Epoch 113/200
2025-01-05 10:51:46,096 - name_generator - INFO - 模型已保存到: results/20250105_104911/models/name_rnn.pth
2025-01-05 10:51:46,097 - name_generator - INFO - 保存最佳模型
2025-01-05 10:51:46,097 - name_generator - INFO - Epoch 113 - Train Loss: 1.6148, Train Acc: 0.3029, Val Loss: 1.6815, Val Acc: 0.2979
2025-01-05 10:51:46,097 - name_generator - INFO - 
Epoch 114/200
2025-01-05 10:51:47,510 - name_generator - INFO - 模型已保存到: results/20250105_104911/models/name_rnn.pth
2025-01-05 10:51:47,511 - name_generator - INFO - 保存最佳模型
2025-01-05 10:51:47,511 - name_generator - INFO - Epoch 114 - Train Loss: 1.6194, Train Acc: 0.3023, Val Loss: 1.6798, Val Acc: 0.3012
2025-01-05 10:51:47,511 - name_generator - INFO - 
Epoch 115/200
2025-01-05 10:51:48,890 - name_generator - INFO - 模型已保存到: results/20250105_104911/models/name_rnn.pth
2025-01-05 10:51:48,890 - name_generator - INFO - 保存最佳模型
2025-01-05 10:51:48,890 - name_generator - INFO - Epoch 115 - Train Loss: 1.6136, Train Acc: 0.3030, Val Loss: 1.6792, Val Acc: 0.3042
2025-01-05 10:51:48,891 - name_generator - INFO - 
Epoch 116/200
2025-01-05 10:51:50,276 - name_generator - INFO - 模型已保存到: results/20250105_104911/models/name_rnn.pth
2025-01-05 10:51:50,276 - name_generator - INFO - 保存最佳模型
2025-01-05 10:51:50,276 - name_generator - INFO - Epoch 116 - Train Loss: 1.6287, Train Acc: 0.3025, Val Loss: 1.6791, Val Acc: 0.3012
2025-01-05 10:51:50,276 - name_generator - INFO - 
Epoch 117/200
2025-01-05 10:51:51,680 - name_generator - INFO - 模型已保存到: results/20250105_104911/models/name_rnn.pth
2025-01-05 10:51:51,680 - name_generator - INFO - 保存最佳模型
2025-01-05 10:51:51,680 - name_generator - INFO - Epoch 117 - Train Loss: 1.6202, Train Acc: 0.3043, Val Loss: 1.6770, Val Acc: 0.2999
2025-01-05 10:51:51,680 - name_generator - INFO - 
Epoch 118/200
2025-01-05 10:51:53,107 - name_generator - INFO - 模型已保存到: results/20250105_104911/models/name_rnn.pth
2025-01-05 10:51:53,107 - name_generator - INFO - 保存最佳模型
2025-01-05 10:51:53,107 - name_generator - INFO - Epoch 118 - Train Loss: 1.6091, Train Acc: 0.3030, Val Loss: 1.6769, Val Acc: 0.3002
2025-01-05 10:51:53,107 - name_generator - INFO - 
Epoch 119/200
2025-01-05 10:51:54,485 - name_generator - INFO - 模型已保存到: results/20250105_104911/models/name_rnn.pth
2025-01-05 10:51:54,485 - name_generator - INFO - 保存最佳模型
2025-01-05 10:51:54,485 - name_generator - INFO - Epoch 119 - Train Loss: 1.6141, Train Acc: 0.3039, Val Loss: 1.6756, Val Acc: 0.3009
2025-01-05 10:51:54,485 - name_generator - INFO - 
Epoch 120/200
2025-01-05 10:51:55,769 - name_generator - INFO - 模型已保存到: results/20250105_104911/models/name_rnn.pth
2025-01-05 10:51:55,769 - name_generator - INFO - 保存最佳模型
2025-01-05 10:51:55,769 - name_generator - INFO - Epoch 120 - Train Loss: 1.6087, Train Acc: 0.3048, Val Loss: 1.6751, Val Acc: 0.3062
2025-01-05 10:51:55,769 - name_generator - INFO - 
Epoch 121/200
2025-01-05 10:51:57,063 - name_generator - INFO - 模型已保存到: results/20250105_104911/models/name_rnn.pth
2025-01-05 10:51:57,064 - name_generator - INFO - 保存最佳模型
2025-01-05 10:51:57,064 - name_generator - INFO - Epoch 121 - Train Loss: 1.6145, Train Acc: 0.3051, Val Loss: 1.6751, Val Acc: 0.3025
2025-01-05 10:51:57,064 - name_generator - INFO - 
Epoch 122/200
2025-01-05 10:51:58,355 - name_generator - INFO - 模型已保存到: results/20250105_104911/models/name_rnn.pth
2025-01-05 10:51:58,355 - name_generator - INFO - 保存最佳模型
2025-01-05 10:51:58,355 - name_generator - INFO - Epoch 122 - Train Loss: 1.6161, Train Acc: 0.3039, Val Loss: 1.6750, Val Acc: 0.3019
2025-01-05 10:51:58,355 - name_generator - INFO - 
Epoch 123/200
2025-01-05 10:51:59,640 - name_generator - INFO - 模型已保存到: results/20250105_104911/models/name_rnn.pth
2025-01-05 10:51:59,640 - name_generator - INFO - 保存最佳模型
2025-01-05 10:51:59,640 - name_generator - INFO - Epoch 123 - Train Loss: 1.6186, Train Acc: 0.3062, Val Loss: 1.6738, Val Acc: 0.3039
2025-01-05 10:51:59,640 - name_generator - INFO - 
Epoch 124/200
2025-01-05 10:52:00,934 - name_generator - INFO - 模型已保存到: results/20250105_104911/models/name_rnn.pth
2025-01-05 10:52:00,934 - name_generator - INFO - 保存最佳模型
2025-01-05 10:52:00,934 - name_generator - INFO - Epoch 124 - Train Loss: 1.6060, Train Acc: 0.3066, Val Loss: 1.6724, Val Acc: 0.3029
2025-01-05 10:52:00,934 - name_generator - INFO - 
Epoch 125/200
2025-01-05 10:52:02,235 - name_generator - INFO - 模型已保存到: results/20250105_104911/models/name_rnn.pth
2025-01-05 10:52:02,236 - name_generator - INFO - 保存最佳模型
2025-01-05 10:52:02,236 - name_generator - INFO - Epoch 125 - Train Loss: 1.6127, Train Acc: 0.3069, Val Loss: 1.6709, Val Acc: 0.3066
2025-01-05 10:52:02,236 - name_generator - INFO - 
Epoch 126/200
2025-01-05 10:52:03,628 - name_generator - INFO - Epoch 126 - Train Loss: 1.5984, Train Acc: 0.3078, Val Loss: 1.6719, Val Acc: 0.3059
2025-01-05 10:52:03,628 - name_generator - INFO - 
Epoch 127/200
2025-01-05 10:52:05,033 - name_generator - INFO - 模型已保存到: results/20250105_104911/models/name_rnn.pth
2025-01-05 10:52:05,033 - name_generator - INFO - 保存最佳模型
2025-01-05 10:52:05,033 - name_generator - INFO - Epoch 127 - Train Loss: 1.6066, Train Acc: 0.3090, Val Loss: 1.6698, Val Acc: 0.3072
2025-01-05 10:52:05,033 - name_generator - INFO - 
Epoch 128/200
2025-01-05 10:52:06,425 - name_generator - INFO - Epoch 128 - Train Loss: 1.5979, Train Acc: 0.3087, Val Loss: 1.6710, Val Acc: 0.3042
2025-01-05 10:52:06,425 - name_generator - INFO - 
Epoch 129/200
2025-01-05 10:52:07,823 - name_generator - INFO - 模型已保存到: results/20250105_104911/models/name_rnn.pth
2025-01-05 10:52:07,823 - name_generator - INFO - 保存最佳模型
2025-01-05 10:52:07,823 - name_generator - INFO - Epoch 129 - Train Loss: 1.6043, Train Acc: 0.3097, Val Loss: 1.6681, Val Acc: 0.3062
2025-01-05 10:52:07,823 - name_generator - INFO - 
Epoch 130/200
2025-01-05 10:52:09,243 - name_generator - INFO - 模型已保存到: results/20250105_104911/models/name_rnn.pth
2025-01-05 10:52:09,244 - name_generator - INFO - 保存最佳模型
2025-01-05 10:52:09,244 - name_generator - INFO - Epoch 130 - Train Loss: 1.5971, Train Acc: 0.3093, Val Loss: 1.6680, Val Acc: 0.3076
2025-01-05 10:52:09,244 - name_generator - INFO - 
Epoch 131/200
2025-01-05 10:52:10,628 - name_generator - INFO - Epoch 131 - Train Loss: 1.5918, Train Acc: 0.3114, Val Loss: 1.6687, Val Acc: 0.3096
2025-01-05 10:52:10,628 - name_generator - INFO - 
Epoch 132/200
2025-01-05 10:52:12,026 - name_generator - INFO - 模型已保存到: results/20250105_104911/models/name_rnn.pth
2025-01-05 10:52:12,026 - name_generator - INFO - 保存最佳模型
2025-01-05 10:52:12,026 - name_generator - INFO - Epoch 132 - Train Loss: 1.5986, Train Acc: 0.3113, Val Loss: 1.6668, Val Acc: 0.3066
2025-01-05 10:52:12,026 - name_generator - INFO - 
Epoch 133/200
2025-01-05 10:52:13,432 - name_generator - INFO - 模型已保存到: results/20250105_104911/models/name_rnn.pth
2025-01-05 10:52:13,432 - name_generator - INFO - 保存最佳模型
2025-01-05 10:52:13,432 - name_generator - INFO - Epoch 133 - Train Loss: 1.5967, Train Acc: 0.3125, Val Loss: 1.6654, Val Acc: 0.3072
2025-01-05 10:52:13,432 - name_generator - INFO - 
Epoch 134/200
2025-01-05 10:52:14,844 - name_generator - INFO - 模型已保存到: results/20250105_104911/models/name_rnn.pth
2025-01-05 10:52:14,844 - name_generator - INFO - 保存最佳模型
2025-01-05 10:52:14,844 - name_generator - INFO - Epoch 134 - Train Loss: 1.5827, Train Acc: 0.3111, Val Loss: 1.6647, Val Acc: 0.3086
2025-01-05 10:52:14,844 - name_generator - INFO - 
Epoch 135/200
2025-01-05 10:52:16,250 - name_generator - INFO - Epoch 135 - Train Loss: 1.6018, Train Acc: 0.3127, Val Loss: 1.6662, Val Acc: 0.3069
2025-01-05 10:52:16,250 - name_generator - INFO - 
Epoch 136/200
2025-01-05 10:52:17,641 - name_generator - INFO - 模型已保存到: results/20250105_104911/models/name_rnn.pth
2025-01-05 10:52:17,642 - name_generator - INFO - 保存最佳模型
2025-01-05 10:52:17,642 - name_generator - INFO - Epoch 136 - Train Loss: 1.5984, Train Acc: 0.3131, Val Loss: 1.6637, Val Acc: 0.3079
2025-01-05 10:52:17,642 - name_generator - INFO - 
Epoch 137/200
2025-01-05 10:52:19,025 - name_generator - INFO - Epoch 137 - Train Loss: 1.5873, Train Acc: 0.3140, Val Loss: 1.6655, Val Acc: 0.3076
2025-01-05 10:52:19,026 - name_generator - INFO - 
Epoch 138/200
2025-01-05 10:52:20,411 - name_generator - INFO - 模型已保存到: results/20250105_104911/models/name_rnn.pth
2025-01-05 10:52:20,411 - name_generator - INFO - 保存最佳模型
2025-01-05 10:52:20,411 - name_generator - INFO - Epoch 138 - Train Loss: 1.5885, Train Acc: 0.3129, Val Loss: 1.6629, Val Acc: 0.3076
2025-01-05 10:52:20,411 - name_generator - INFO - 
Epoch 139/200
2025-01-05 10:52:21,797 - name_generator - INFO - Epoch 139 - Train Loss: 1.5880, Train Acc: 0.3128, Val Loss: 1.6636, Val Acc: 0.3096
2025-01-05 10:52:21,797 - name_generator - INFO - 
Epoch 140/200
2025-01-05 10:52:23,187 - name_generator - INFO - Epoch 140 - Train Loss: 1.5789, Train Acc: 0.3151, Val Loss: 1.6649, Val Acc: 0.3116
2025-01-05 10:52:23,187 - name_generator - INFO - 
Epoch 141/200
2025-01-05 10:52:24,589 - name_generator - INFO - Epoch 141 - Train Loss: 1.5845, Train Acc: 0.3146, Val Loss: 1.6641, Val Acc: 0.3099
2025-01-05 10:52:24,589 - name_generator - INFO - 
Epoch 142/200
2025-01-05 10:52:25,975 - name_generator - INFO - 模型已保存到: results/20250105_104911/models/name_rnn.pth
2025-01-05 10:52:25,976 - name_generator - INFO - 保存最佳模型
2025-01-05 10:52:25,976 - name_generator - INFO - Epoch 142 - Train Loss: 1.5956, Train Acc: 0.3160, Val Loss: 1.6600, Val Acc: 0.3099
2025-01-05 10:52:25,976 - name_generator - INFO - 
Epoch 143/200
2025-01-05 10:52:27,358 - name_generator - INFO - Epoch 143 - Train Loss: 1.5873, Train Acc: 0.3156, Val Loss: 1.6615, Val Acc: 0.3122
2025-01-05 10:52:27,358 - name_generator - INFO - 
Epoch 144/200
2025-01-05 10:52:28,723 - name_generator - INFO - 模型已保存到: results/20250105_104911/models/name_rnn.pth
2025-01-05 10:52:28,723 - name_generator - INFO - 保存最佳模型
2025-01-05 10:52:28,723 - name_generator - INFO - Epoch 144 - Train Loss: 1.5770, Train Acc: 0.3153, Val Loss: 1.6599, Val Acc: 0.3133
2025-01-05 10:52:28,723 - name_generator - INFO - 
Epoch 145/200
2025-01-05 10:52:30,007 - name_generator - INFO - 模型已保存到: results/20250105_104911/models/name_rnn.pth
2025-01-05 10:52:30,007 - name_generator - INFO - 保存最佳模型
2025-01-05 10:52:30,007 - name_generator - INFO - Epoch 145 - Train Loss: 1.5786, Train Acc: 0.3145, Val Loss: 1.6594, Val Acc: 0.3109
2025-01-05 10:52:30,007 - name_generator - INFO - 
Epoch 146/200
2025-01-05 10:52:31,472 - name_generator - INFO - Epoch 146 - Train Loss: 1.5775, Train Acc: 0.3166, Val Loss: 1.6599, Val Acc: 0.3112
2025-01-05 10:52:31,472 - name_generator - INFO - 
Epoch 147/200
2025-01-05 10:52:33,008 - name_generator - INFO - Epoch 147 - Train Loss: 1.5790, Train Acc: 0.3196, Val Loss: 1.6609, Val Acc: 0.3119
2025-01-05 10:52:33,008 - name_generator - INFO - 
Epoch 148/200
2025-01-05 10:52:34,533 - name_generator - INFO - 模型已保存到: results/20250105_104911/models/name_rnn.pth
2025-01-05 10:52:34,534 - name_generator - INFO - 保存最佳模型
2025-01-05 10:52:34,534 - name_generator - INFO - Epoch 148 - Train Loss: 1.5740, Train Acc: 0.3184, Val Loss: 1.6583, Val Acc: 0.3139
2025-01-05 10:52:34,534 - name_generator - INFO - 
Epoch 149/200
2025-01-05 10:52:36,065 - name_generator - INFO - 模型已保存到: results/20250105_104911/models/name_rnn.pth
2025-01-05 10:52:36,065 - name_generator - INFO - 保存最佳模型
2025-01-05 10:52:36,065 - name_generator - INFO - Epoch 149 - Train Loss: 1.5813, Train Acc: 0.3175, Val Loss: 1.6571, Val Acc: 0.3156
2025-01-05 10:52:36,066 - name_generator - INFO - 
Epoch 150/200
2025-01-05 10:52:37,598 - name_generator - INFO - 模型已保存到: results/20250105_104911/models/name_rnn.pth
2025-01-05 10:52:37,598 - name_generator - INFO - 保存最佳模型
2025-01-05 10:52:37,598 - name_generator - INFO - Epoch 150 - Train Loss: 1.5845, Train Acc: 0.3181, Val Loss: 1.6569, Val Acc: 0.3136
2025-01-05 10:52:37,598 - name_generator - INFO - 
Epoch 151/200
2025-01-05 10:52:39,111 - name_generator - INFO - 模型已保存到: results/20250105_104911/models/name_rnn.pth
2025-01-05 10:52:39,111 - name_generator - INFO - 保存最佳模型
2025-01-05 10:52:39,111 - name_generator - INFO - Epoch 151 - Train Loss: 1.5827, Train Acc: 0.3182, Val Loss: 1.6565, Val Acc: 0.3146
2025-01-05 10:52:39,111 - name_generator - INFO - 
Epoch 152/200
2025-01-05 10:52:40,632 - name_generator - INFO - 模型已保存到: results/20250105_104911/models/name_rnn.pth
2025-01-05 10:52:40,632 - name_generator - INFO - 保存最佳模型
2025-01-05 10:52:40,632 - name_generator - INFO - Epoch 152 - Train Loss: 1.5758, Train Acc: 0.3196, Val Loss: 1.6564, Val Acc: 0.3149
2025-01-05 10:52:40,632 - name_generator - INFO - 
Epoch 153/200
2025-01-05 10:52:42,175 - name_generator - INFO - 模型已保存到: results/20250105_104911/models/name_rnn.pth
2025-01-05 10:52:42,175 - name_generator - INFO - 保存最佳模型
2025-01-05 10:52:42,175 - name_generator - INFO - Epoch 153 - Train Loss: 1.5702, Train Acc: 0.3196, Val Loss: 1.6563, Val Acc: 0.3149
2025-01-05 10:52:42,175 - name_generator - INFO - 
Epoch 154/200
2025-01-05 10:52:43,693 - name_generator - INFO - 模型已保存到: results/20250105_104911/models/name_rnn.pth
2025-01-05 10:52:43,693 - name_generator - INFO - 保存最佳模型
2025-01-05 10:52:43,693 - name_generator - INFO - Epoch 154 - Train Loss: 1.5811, Train Acc: 0.3214, Val Loss: 1.6560, Val Acc: 0.3112
2025-01-05 10:52:43,693 - name_generator - INFO - 
Epoch 155/200
2025-01-05 10:52:45,208 - name_generator - INFO - 模型已保存到: results/20250105_104911/models/name_rnn.pth
2025-01-05 10:52:45,208 - name_generator - INFO - 保存最佳模型
2025-01-05 10:52:45,208 - name_generator - INFO - Epoch 155 - Train Loss: 1.5865, Train Acc: 0.3196, Val Loss: 1.6554, Val Acc: 0.3176
2025-01-05 10:52:45,208 - name_generator - INFO - 
Epoch 156/200
2025-01-05 10:52:46,723 - name_generator - INFO - 模型已保存到: results/20250105_104911/models/name_rnn.pth
2025-01-05 10:52:46,723 - name_generator - INFO - 保存最佳模型
2025-01-05 10:52:46,724 - name_generator - INFO - Epoch 156 - Train Loss: 1.5675, Train Acc: 0.3231, Val Loss: 1.6549, Val Acc: 0.3146
2025-01-05 10:52:46,724 - name_generator - INFO - 
Epoch 157/200
2025-01-05 10:52:48,295 - name_generator - INFO - 模型已保存到: results/20250105_104911/models/name_rnn.pth
2025-01-05 10:52:48,295 - name_generator - INFO - 保存最佳模型
2025-01-05 10:52:48,295 - name_generator - INFO - Epoch 157 - Train Loss: 1.5712, Train Acc: 0.3206, Val Loss: 1.6531, Val Acc: 0.3166
2025-01-05 10:52:48,295 - name_generator - INFO - 
Epoch 158/200
2025-01-05 10:52:49,834 - name_generator - INFO - Epoch 158 - Train Loss: 1.5685, Train Acc: 0.3239, Val Loss: 1.6533, Val Acc: 0.3146
2025-01-05 10:52:49,835 - name_generator - INFO - 
Epoch 159/200
2025-01-05 10:52:51,434 - name_generator - INFO - Epoch 159 - Train Loss: 1.5643, Train Acc: 0.3230, Val Loss: 1.6536, Val Acc: 0.3133
2025-01-05 10:52:51,434 - name_generator - INFO - 
Epoch 160/200
2025-01-05 10:52:53,008 - name_generator - INFO - 模型已保存到: results/20250105_104911/models/name_rnn.pth
2025-01-05 10:52:53,008 - name_generator - INFO - 保存最佳模型
2025-01-05 10:52:53,008 - name_generator - INFO - Epoch 160 - Train Loss: 1.5725, Train Acc: 0.3224, Val Loss: 1.6524, Val Acc: 0.3149
2025-01-05 10:52:53,008 - name_generator - INFO - 
Epoch 161/200
2025-01-05 10:52:54,640 - name_generator - INFO - Epoch 161 - Train Loss: 1.5610, Train Acc: 0.3223, Val Loss: 1.6547, Val Acc: 0.3139
2025-01-05 10:52:54,640 - name_generator - INFO - 
Epoch 162/200
2025-01-05 10:52:56,317 - name_generator - INFO - 模型已保存到: results/20250105_104911/models/name_rnn.pth
2025-01-05 10:52:56,317 - name_generator - INFO - 保存最佳模型
2025-01-05 10:52:56,317 - name_generator - INFO - Epoch 162 - Train Loss: 1.5681, Train Acc: 0.3244, Val Loss: 1.6517, Val Acc: 0.3183
2025-01-05 10:52:56,317 - name_generator - INFO - 
Epoch 163/200
2025-01-05 10:52:57,787 - name_generator - INFO - Epoch 163 - Train Loss: 1.5650, Train Acc: 0.3239, Val Loss: 1.6525, Val Acc: 0.3156
2025-01-05 10:52:57,787 - name_generator - INFO - 
Epoch 164/200
2025-01-05 10:52:59,397 - name_generator - INFO - Epoch 164 - Train Loss: 1.5584, Train Acc: 0.3254, Val Loss: 1.6517, Val Acc: 0.3169
2025-01-05 10:52:59,397 - name_generator - INFO - 
Epoch 165/200
2025-01-05 10:53:01,224 - name_generator - INFO - 模型已保存到: results/20250105_104911/models/name_rnn.pth
2025-01-05 10:53:01,224 - name_generator - INFO - 保存最佳模型
2025-01-05 10:53:01,224 - name_generator - INFO - Epoch 165 - Train Loss: 1.5650, Train Acc: 0.3252, Val Loss: 1.6502, Val Acc: 0.3176
2025-01-05 10:53:01,224 - name_generator - INFO - 
Epoch 166/200
2025-01-05 10:53:02,582 - name_generator - INFO - 模型已保存到: results/20250105_104911/models/name_rnn.pth
2025-01-05 10:53:02,582 - name_generator - INFO - 保存最佳模型
2025-01-05 10:53:02,582 - name_generator - INFO - Epoch 166 - Train Loss: 1.5642, Train Acc: 0.3259, Val Loss: 1.6486, Val Acc: 0.3183
2025-01-05 10:53:02,582 - name_generator - INFO - 
Epoch 167/200
2025-01-05 10:53:03,921 - name_generator - INFO - Epoch 167 - Train Loss: 1.5549, Train Acc: 0.3256, Val Loss: 1.6492, Val Acc: 0.3169
2025-01-05 10:53:03,922 - name_generator - INFO - 
Epoch 168/200
2025-01-05 10:53:05,563 - name_generator - INFO - Epoch 168 - Train Loss: 1.5509, Train Acc: 0.3266, Val Loss: 1.6512, Val Acc: 0.3146
2025-01-05 10:53:05,563 - name_generator - INFO - 
Epoch 169/200
2025-01-05 10:53:07,326 - name_generator - INFO - 模型已保存到: results/20250105_104911/models/name_rnn.pth
2025-01-05 10:53:07,326 - name_generator - INFO - 保存最佳模型
2025-01-05 10:53:07,326 - name_generator - INFO - Epoch 169 - Train Loss: 1.5569, Train Acc: 0.3277, Val Loss: 1.6480, Val Acc: 0.3186
2025-01-05 10:53:07,326 - name_generator - INFO - 
Epoch 170/200
2025-01-05 10:53:09,040 - name_generator - INFO - Epoch 170 - Train Loss: 1.5512, Train Acc: 0.3294, Val Loss: 1.6486, Val Acc: 0.3166
2025-01-05 10:53:09,041 - name_generator - INFO - 
Epoch 171/200
2025-01-05 10:53:10,765 - name_generator - INFO - 模型已保存到: results/20250105_104911/models/name_rnn.pth
2025-01-05 10:53:10,765 - name_generator - INFO - 保存最佳模型
2025-01-05 10:53:10,765 - name_generator - INFO - Epoch 171 - Train Loss: 1.5657, Train Acc: 0.3283, Val Loss: 1.6471, Val Acc: 0.3203
2025-01-05 10:53:10,765 - name_generator - INFO - 
Epoch 172/200
2025-01-05 10:53:12,487 - name_generator - INFO - 模型已保存到: results/20250105_104911/models/name_rnn.pth
2025-01-05 10:53:12,487 - name_generator - INFO - 保存最佳模型
2025-01-05 10:53:12,487 - name_generator - INFO - Epoch 172 - Train Loss: 1.5535, Train Acc: 0.3298, Val Loss: 1.6466, Val Acc: 0.3216
2025-01-05 10:53:12,487 - name_generator - INFO - 
Epoch 173/200
2025-01-05 10:53:13,919 - name_generator - INFO - Epoch 173 - Train Loss: 1.5565, Train Acc: 0.3288, Val Loss: 1.6466, Val Acc: 0.3153
2025-01-05 10:53:13,919 - name_generator - INFO - 
Epoch 174/200
2025-01-05 10:53:15,172 - name_generator - INFO - Epoch 174 - Train Loss: 1.5611, Train Acc: 0.3301, Val Loss: 1.6479, Val Acc: 0.3149
2025-01-05 10:53:15,173 - name_generator - INFO - 
Epoch 175/200
2025-01-05 10:53:16,427 - name_generator - INFO - 模型已保存到: results/20250105_104911/models/name_rnn.pth
2025-01-05 10:53:16,427 - name_generator - INFO - 保存最佳模型
2025-01-05 10:53:16,427 - name_generator - INFO - Epoch 175 - Train Loss: 1.5584, Train Acc: 0.3305, Val Loss: 1.6455, Val Acc: 0.3183
2025-01-05 10:53:16,427 - name_generator - INFO - 
Epoch 176/200
2025-01-05 10:53:17,680 - name_generator - INFO - Epoch 176 - Train Loss: 1.5453, Train Acc: 0.3292, Val Loss: 1.6463, Val Acc: 0.3149
2025-01-05 10:53:17,680 - name_generator - INFO - 
Epoch 177/200
2025-01-05 10:53:18,937 - name_generator - INFO - 模型已保存到: results/20250105_104911/models/name_rnn.pth
2025-01-05 10:53:18,937 - name_generator - INFO - 保存最佳模型
2025-01-05 10:53:18,937 - name_generator - INFO - Epoch 177 - Train Loss: 1.5456, Train Acc: 0.3299, Val Loss: 1.6454, Val Acc: 0.3163
2025-01-05 10:53:18,937 - name_generator - INFO - 
Epoch 178/200
2025-01-05 10:53:20,191 - name_generator - INFO - Epoch 178 - Train Loss: 1.5491, Train Acc: 0.3306, Val Loss: 1.6469, Val Acc: 0.3173
2025-01-05 10:53:20,191 - name_generator - INFO - 
Epoch 179/200
2025-01-05 10:53:21,469 - name_generator - INFO - 模型已保存到: results/20250105_104911/models/name_rnn.pth
2025-01-05 10:53:21,469 - name_generator - INFO - 保存最佳模型
2025-01-05 10:53:21,469 - name_generator - INFO - Epoch 179 - Train Loss: 1.5495, Train Acc: 0.3319, Val Loss: 1.6452, Val Acc: 0.3173
2025-01-05 10:53:21,469 - name_generator - INFO - 
Epoch 180/200
2025-01-05 10:53:22,723 - name_generator - INFO - 模型已保存到: results/20250105_104911/models/name_rnn.pth
2025-01-05 10:53:22,724 - name_generator - INFO - 保存最佳模型
2025-01-05 10:53:22,724 - name_generator - INFO - Epoch 180 - Train Loss: 1.5444, Train Acc: 0.3332, Val Loss: 1.6445, Val Acc: 0.3186
2025-01-05 10:53:22,724 - name_generator - INFO - 
Epoch 181/200
2025-01-05 10:53:23,978 - name_generator - INFO - 模型已保存到: results/20250105_104911/models/name_rnn.pth
2025-01-05 10:53:23,978 - name_generator - INFO - 保存最佳模型
2025-01-05 10:53:23,978 - name_generator - INFO - Epoch 181 - Train Loss: 1.5510, Train Acc: 0.3314, Val Loss: 1.6427, Val Acc: 0.3196
2025-01-05 10:53:23,978 - name_generator - INFO - 
Epoch 182/200
2025-01-05 10:53:25,232 - name_generator - INFO - Epoch 182 - Train Loss: 1.5468, Train Acc: 0.3322, Val Loss: 1.6482, Val Acc: 0.3156
2025-01-05 10:53:25,232 - name_generator - INFO - 
Epoch 183/200
2025-01-05 10:53:26,482 - name_generator - INFO - Epoch 183 - Train Loss: 1.5549, Train Acc: 0.3319, Val Loss: 1.6441, Val Acc: 0.3163
2025-01-05 10:53:26,482 - name_generator - INFO - 
Epoch 184/200
2025-01-05 10:53:27,732 - name_generator - INFO - Epoch 184 - Train Loss: 1.5458, Train Acc: 0.3323, Val Loss: 1.6451, Val Acc: 0.3166
2025-01-05 10:53:27,732 - name_generator - INFO - 
Epoch 185/200
2025-01-05 10:53:29,108 - name_generator - INFO - 模型已保存到: results/20250105_104911/models/name_rnn.pth
2025-01-05 10:53:29,108 - name_generator - INFO - 保存最佳模型
2025-01-05 10:53:29,108 - name_generator - INFO - Epoch 185 - Train Loss: 1.5352, Train Acc: 0.3322, Val Loss: 1.6423, Val Acc: 0.3179
2025-01-05 10:53:29,108 - name_generator - INFO - 
Epoch 186/200
2025-01-05 10:53:30,462 - name_generator - INFO - 模型已保存到: results/20250105_104911/models/name_rnn.pth
2025-01-05 10:53:30,462 - name_generator - INFO - 保存最佳模型
2025-01-05 10:53:30,462 - name_generator - INFO - Epoch 186 - Train Loss: 1.5366, Train Acc: 0.3329, Val Loss: 1.6400, Val Acc: 0.3193
2025-01-05 10:53:30,462 - name_generator - INFO - 
Epoch 187/200
2025-01-05 10:53:31,824 - name_generator - INFO - Epoch 187 - Train Loss: 1.5469, Train Acc: 0.3343, Val Loss: 1.6410, Val Acc: 0.3203
2025-01-05 10:53:31,824 - name_generator - INFO - 
Epoch 188/200
2025-01-05 10:53:33,184 - name_generator - INFO - Epoch 188 - Train Loss: 1.5366, Train Acc: 0.3337, Val Loss: 1.6428, Val Acc: 0.3179
2025-01-05 10:53:33,185 - name_generator - INFO - 
Epoch 189/200
2025-01-05 10:53:34,533 - name_generator - INFO - Epoch 189 - Train Loss: 1.5474, Train Acc: 0.3338, Val Loss: 1.6412, Val Acc: 0.3179
2025-01-05 10:53:34,533 - name_generator - INFO - 
Epoch 190/200
2025-01-05 10:53:35,884 - name_generator - INFO - Epoch 190 - Train Loss: 1.5471, Train Acc: 0.3362, Val Loss: 1.6416, Val Acc: 0.3179
2025-01-05 10:53:35,885 - name_generator - INFO - 
Epoch 191/200
2025-01-05 10:53:37,240 - name_generator - INFO - 模型已保存到: results/20250105_104911/models/name_rnn.pth
2025-01-05 10:53:37,240 - name_generator - INFO - 保存最佳模型
2025-01-05 10:53:37,240 - name_generator - INFO - Epoch 191 - Train Loss: 1.5406, Train Acc: 0.3353, Val Loss: 1.6400, Val Acc: 0.3189
2025-01-05 10:53:37,240 - name_generator - INFO - 
Epoch 192/200
2025-01-05 10:53:38,590 - name_generator - INFO - Epoch 192 - Train Loss: 1.5414, Train Acc: 0.3354, Val Loss: 1.6417, Val Acc: 0.3183
2025-01-05 10:53:38,590 - name_generator - INFO - 
Epoch 193/200
2025-01-05 10:53:39,963 - name_generator - INFO - 模型已保存到: results/20250105_104911/models/name_rnn.pth
2025-01-05 10:53:39,964 - name_generator - INFO - 保存最佳模型
2025-01-05 10:53:39,964 - name_generator - INFO - Epoch 193 - Train Loss: 1.5377, Train Acc: 0.3368, Val Loss: 1.6387, Val Acc: 0.3210
2025-01-05 10:53:39,964 - name_generator - INFO - 
Epoch 194/200
2025-01-05 10:53:41,337 - name_generator - INFO - Epoch 194 - Train Loss: 1.5244, Train Acc: 0.3358, Val Loss: 1.6400, Val Acc: 0.3186
2025-01-05 10:53:41,337 - name_generator - INFO - 
Epoch 195/200
2025-01-05 10:53:42,697 - name_generator - INFO - Epoch 195 - Train Loss: 1.5300, Train Acc: 0.3364, Val Loss: 1.6399, Val Acc: 0.3149
2025-01-05 10:53:42,697 - name_generator - INFO - 
Epoch 196/200
2025-01-05 10:53:44,045 - name_generator - INFO - Epoch 196 - Train Loss: 1.5320, Train Acc: 0.3349, Val Loss: 1.6406, Val Acc: 0.3183
2025-01-05 10:53:44,045 - name_generator - INFO - 
Epoch 197/200
2025-01-05 10:53:45,404 - name_generator - INFO - 模型已保存到: results/20250105_104911/models/name_rnn.pth
2025-01-05 10:53:45,405 - name_generator - INFO - 保存最佳模型
2025-01-05 10:53:45,405 - name_generator - INFO - Epoch 197 - Train Loss: 1.5340, Train Acc: 0.3375, Val Loss: 1.6368, Val Acc: 0.3176
2025-01-05 10:53:45,405 - name_generator - INFO - 
Epoch 198/200
2025-01-05 10:53:46,767 - name_generator - INFO - Epoch 198 - Train Loss: 1.5316, Train Acc: 0.3373, Val Loss: 1.6368, Val Acc: 0.3226
2025-01-05 10:53:46,767 - name_generator - INFO - 
Epoch 199/200
2025-01-05 10:53:48,133 - name_generator - INFO - Epoch 199 - Train Loss: 1.5378, Train Acc: 0.3396, Val Loss: 1.6373, Val Acc: 0.3186
2025-01-05 10:53:48,133 - name_generator - INFO - 
Epoch 200/200
2025-01-05 10:53:49,504 - name_generator - INFO - Epoch 200 - Train Loss: 1.5312, Train Acc: 0.3399, Val Loss: 1.6380, Val Acc: 0.3183
2025-01-05 10:53:49,505 - name_generator - INFO - 训练完成!
2025-01-05 10:53:49,505 - name_generator - INFO - 
评估生成质量...
2025-01-05 10:53:50,469 - name_generator - INFO - 
生成样本示例:
2025-01-05 10:53:50,469 - name_generator - INFO - 使用1个字符生成:
2025-01-05 10:53:50,469 - name_generator - INFO - 参考: madelynn -> 生成: mraofee
2025-01-05 10:53:50,469 - name_generator - INFO - 参考: chrissie -> 生成: ckttaakia
2025-01-05 10:53:50,469 - name_generator - INFO - 参考: everly -> 生成: ealta
2025-01-05 10:53:50,469 - name_generator - INFO - 
使用2个字符生成:
2025-01-05 10:53:50,469 - name_generator - INFO - 参考: madelynn -> 生成: mare
2025-01-05 10:53:50,470 - name_generator - INFO - 参考: chrissie -> 生成: ch karias
2025-01-05 10:53:50,470 - name_generator - INFO - 参考: everly -> 生成: evhy
2025-01-05 10:53:50,470 - name_generator - INFO - bleu1_1char: 0.3272
2025-01-05 10:53:50,470 - name_generator - INFO - bleu2_1char: 0.1058
2025-01-05 10:53:50,470 - name_generator - INFO - bleu3_1char: 0.0605
2025-01-05 10:53:50,470 - name_generator - INFO - bleu4_1char: 0.0518
2025-01-05 10:53:50,470 - name_generator - INFO - bleu1_2char: 0.4273
2025-01-05 10:53:50,470 - name_generator - INFO - bleu2_2char: 0.3073
2025-01-05 10:53:50,470 - name_generator - INFO - bleu3_2char: 0.1555
2025-01-05 10:53:50,470 - name_generator - INFO - bleu4_2char: 0.1064
2025-01-05 10:53:50,470 - name_generator - INFO - 
生成训练过程可视化...
2025-01-05 10:53:50,800 - name_generator - INFO - 
生成数据分布可视化...
2025-01-05 10:53:51,509 - name_generator - INFO - 
实验目录已保存: results/20250105_104911
2025-01-05 10:55:23,327 - name_generator - INFO - 加载已训练的forward模型...
2025-01-05 10:55:25,621 - name_generator - INFO - 初始化训练器 - 模型参数数量: 27164
2025-01-05 10:55:25,630 - name_generator - INFO - 加载模型从: results/20250105_104911/models/name_rnn.pth
2025-01-05 10:55:25,631 - name_generator - INFO - 
生成参数:
2025-01-05 10:55:25,631 - name_generator - INFO - model_type: forward
2025-01-05 10:55:25,631 - name_generator - INFO - max_length: 15
2025-01-05 10:55:25,631 - name_generator - INFO - temperature: 0.5
2025-01-05 10:55:25,631 - name_generator - INFO - beam_size: 5
2025-01-05 10:55:25,631 - name_generator - INFO - top_k: 10
2025-01-05 10:55:25,631 - name_generator - INFO - top_p: 0.9
2025-01-05 10:55:30,590 - name_generator - INFO - 从开头生成名字（起始序列: f）...
2025-01-05 10:55:32,364 - name_generator - INFO - 生成的名字: friesta
2025-01-05 10:55:37,880 - name_generator - INFO - 使用不同策略生成名字（起始序列: fg）...
2025-01-05 10:55:37,942 - name_generator - INFO - Greedy: fgerin
2025-01-05 10:55:37,943 - name_generator - INFO - Temperature: fgerie
2025-01-05 10:55:37,943 - name_generator - INFO - Beam Search: fgare.
2025-01-05 10:55:37,943 - name_generator - INFO - Top-K: fgere
2025-01-05 10:55:37,943 - name_generator - INFO - Top-P: fgister
2025-01-05 11:14:09,644 - name_generator - INFO - 加载已训练的forward模型...
2025-01-05 11:14:11,935 - name_generator - INFO - 初始化训练器 - 模型参数数量: 27164
2025-01-05 11:14:11,944 - name_generator - INFO - 加载模型从: results/20250105_104911/models/name_rnn.pth
2025-01-05 11:14:11,944 - name_generator - INFO - 
生成参数:
2025-01-05 11:14:11,944 - name_generator - INFO - model_type: forward
2025-01-05 11:14:11,944 - name_generator - INFO - max_length: 15
2025-01-05 11:14:11,944 - name_generator - INFO - temperature: 0.5
2025-01-05 11:14:11,944 - name_generator - INFO - beam_size: 5
2025-01-05 11:14:11,944 - name_generator - INFO - top_k: 10
2025-01-05 11:14:11,944 - name_generator - INFO - top_p: 0.9
2025-01-05 11:14:19,047 - name_generator - INFO - 从开头生成名字（起始序列: m）...
2025-01-05 11:14:20,856 - name_generator - INFO - 生成的名字: maria
2025-01-05 11:14:26,830 - name_generator - INFO - 从开头生成名字（起始序列: a）...
2025-01-05 11:14:26,840 - name_generator - INFO - 生成的名字: alein
2025-01-05 11:14:35,534 - name_generator - INFO - 使用不同策略生成名字（起始序列: mi）...
2025-01-05 11:14:35,577 - name_generator - INFO - Greedy: mine
2025-01-05 11:14:35,577 - name_generator - INFO - Temperature: mian
2025-01-05 11:14:35,577 - name_generator - INFO - Beam Search: mine.
2025-01-05 11:14:35,577 - name_generator - INFO - Top-K: minad
2025-01-05 11:14:35,578 - name_generator - INFO - Top-P: mine
2025-01-05 11:14:45,310 - name_generator - INFO - 加载已训练的reverse模型...
2025-01-05 11:14:47,727 - name_generator - INFO - 初始化训练器 - 模型参数数量: 27164
2025-01-05 11:14:47,727 - name_generator - ERROR - 找不到模型文件: results/20250105_104911/models/name_rnn_reverse.pth
2025-01-05 11:14:47,727 - name_generator - ERROR - 错误：找不到已训练的reverse模型！请先训练模型。
2025-01-05 11:27:43,204 - name_generator - INFO - 加载已训练的forward模型...
2025-01-05 11:27:45,478 - name_generator - INFO - 初始化训练器 - 模型参数数量: 27164
2025-01-05 11:27:45,487 - name_generator - INFO - 加载模型从: results/20250105_104911/models/name_rnn.pth
2025-01-05 11:27:45,487 - name_generator - INFO - 
生成参数:
2025-01-05 11:27:45,487 - name_generator - INFO - model_type: forward
2025-01-05 11:27:45,487 - name_generator - INFO - max_length: 15
2025-01-05 11:27:45,487 - name_generator - INFO - temperature: 0.5
2025-01-05 11:27:45,487 - name_generator - INFO - beam_size: 5
2025-01-05 11:27:45,487 - name_generator - INFO - top_k: 10
2025-01-05 11:27:45,487 - name_generator - INFO - top_p: 0.9
2025-01-05 11:27:59,586 - name_generator - INFO - 从开头生成名字（起始序列: c）...
2025-01-05 11:28:01,425 - name_generator - INFO - 生成的名字: caemer
2025-01-05 11:28:07,675 - name_generator - INFO - 使用不同策略生成名字（起始序列: mi）...
2025-01-05 11:28:07,723 - name_generator - INFO - Greedy: mine
2025-01-05 11:28:07,723 - name_generator - INFO - Temperature: micat
2025-01-05 11:28:07,723 - name_generator - INFO - Beam Search: mine.
2025-01-05 11:28:07,723 - name_generator - INFO - Top-K: minala
2025-01-05 11:28:07,724 - name_generator - INFO - Top-P: mid
